{"/home/travis/build/npmtest/node-npmtest-cordova-plugin-bluetoothle/test.js":{"path":"/home/travis/build/npmtest/node-npmtest-cordova-plugin-bluetoothle/test.js","s":{"1":2,"2":2,"3":2,"4":2,"5":2,"6":2,"7":2,"8":1,"9":2,"10":2,"11":1,"12":1,"13":1,"14":1,"15":2,"16":2,"17":2,"18":2,"19":1,"20":1,"21":2,"22":2,"23":2,"24":1,"25":1,"26":1,"27":1,"28":1,"29":1,"30":1,"31":1,"32":1,"33":1,"34":1,"35":1,"36":1,"37":1,"38":1,"39":2,"40":2,"41":1,"42":2,"43":2,"44":1,"45":2,"46":2,"47":1,"48":2,"49":2,"50":1,"51":1,"52":1,"53":1,"54":1},"b":{"1":[2,1,1,1],"2":[1,1,1,1],"3":[1,1],"4":[1,1],"5":[1,1],"6":[1,1],"7":[1,1],"8":[1,1],"9":[1,1],"10":[1,1,1],"11":[1,1],"12":[1,1],"13":[1,1],"14":[1,1],"15":[1,1],"16":[1,1],"17":[1,1]},"f":{"1":2,"2":2,"3":2,"4":2,"5":2,"6":1,"7":1,"8":1,"9":2,"10":2,"11":2,"12":2,"13":1},"fnMap":{"1":{"name":"(anonymous_1)","line":12,"loc":{"start":{"line":12,"column":1},"end":{"line":12,"column":13}}},"2":{"name":"(anonymous_2)","line":19,"loc":{"start":{"line":19,"column":5},"end":{"line":19,"column":17}}},"3":{"name":"(anonymous_3)","line":23,"loc":{"start":{"line":23,"column":24},"end":{"line":23,"column":36}}},"4":{"name":"(anonymous_4)","line":61,"loc":{"start":{"line":61,"column":5},"end":{"line":61,"column":17}}},"5":{"name":"(anonymous_5)","line":82,"loc":{"start":{"line":82,"column":5},"end":{"line":82,"column":17}}},"6":{"name":"(anonymous_6)","line":91,"loc":{"start":{"line":91,"column":77},"end":{"line":94,"column":10}}},"7":{"name":"(anonymous_7)","line":112,"loc":{"start":{"line":112,"column":83},"end":{"line":115,"column":10}},"skip":true},"8":{"name":"(anonymous_8)","line":123,"loc":{"start":{"line":123,"column":77},"end":{"line":126,"column":10}},"skip":true},"9":{"name":"(anonymous_9)","line":139,"loc":{"start":{"line":139,"column":12},"end":{"line":139,"column":40}},"skip":true},"10":{"name":"(anonymous_10)","line":147,"loc":{"start":{"line":147,"column":77},"end":{"line":150,"column":10}},"skip":true},"11":{"name":"(anonymous_11)","line":158,"loc":{"start":{"line":158,"column":83},"end":{"line":161,"column":10}},"skip":true},"12":{"name":"(anonymous_12)","line":169,"loc":{"start":{"line":169,"column":79},"end":{"line":172,"column":10}},"skip":true},"13":{"name":"(anonymous_13)","line":180,"loc":{"start":{"line":180,"column":75},"end":{"line":183,"column":10}},"skip":true}},"statementMap":{"1":{"start":{"line":12,"column":0},"end":{"line":195,"column":5}},"2":{"start":{"line":14,"column":4},"end":{"line":14,"column":14}},"3":{"start":{"line":19,"column":4},"end":{"line":56,"column":9}},"4":{"start":{"line":21,"column":8},"end":{"line":21,"column":19}},"5":{"start":{"line":23,"column":8},"end":{"line":35,"column":13}},"6":{"start":{"line":24,"column":12},"end":{"line":34,"column":13}},"7":{"start":{"line":25,"column":16},"end":{"line":28,"column":30}},"8":{"start":{"line":30,"column":16},"end":{"line":33,"column":27}},"9":{"start":{"line":37,"column":8},"end":{"line":39,"column":21}},"10":{"start":{"line":40,"column":8},"end":{"line":53,"column":9}},"11":{"start":{"line":43,"column":12},"end":{"line":46,"column":14}},"12":{"start":{"line":47,"column":12},"end":{"line":47,"column":18}},"13":{"start":{"line":50,"column":12},"end":{"line":51,"column":33}},"14":{"start":{"line":52,"column":12},"end":{"line":52,"column":18}},"15":{"start":{"line":55,"column":8},"end":{"line":55,"column":35}},"16":{"start":{"line":61,"column":4},"end":{"line":63,"column":9}},"17":{"start":{"line":62,"column":8},"end":{"line":62,"column":15}},"18":{"start":{"line":64,"column":4},"end":{"line":77,"column":5}},"19":{"start":{"line":70,"column":8},"end":{"line":70,"column":14}},"20":{"start":{"line":76,"column":8},"end":{"line":76,"column":14}},"21":{"start":{"line":82,"column":4},"end":{"line":84,"column":9}},"22":{"start":{"line":83,"column":8},"end":{"line":83,"column":15}},"23":{"start":{"line":85,"column":4},"end":{"line":194,"column":5}},"24":{"start":{"line":91,"column":8},"end":{"line":99,"column":10}},"25":{"start":{"line":98,"column":12},"end":{"line":98,"column":35}},"26":{"start":{"line":102,"column":8},"end":{"line":104,"column":63}},"27":{"start":{"line":105,"column":8},"end":{"line":105,"column":14}},"28":{"start":{"line":112,"column":8},"end":{"line":121,"column":10},"skip":true},"29":{"start":{"line":119,"column":12},"end":{"line":119,"column":55},"skip":true},"30":{"start":{"line":120,"column":12},"end":{"line":120,"column":48},"skip":true},"31":{"start":{"line":123,"column":8},"end":{"line":136,"column":10},"skip":true},"32":{"start":{"line":130,"column":12},"end":{"line":130,"column":76},"skip":true},"33":{"start":{"line":131,"column":12},"end":{"line":131,"column":73},"skip":true},"34":{"start":{"line":132,"column":12},"end":{"line":132,"column":74},"skip":true},"35":{"start":{"line":133,"column":12},"end":{"line":133,"column":79},"skip":true},"36":{"start":{"line":134,"column":12},"end":{"line":134,"column":25},"skip":true},"37":{"start":{"line":135,"column":12},"end":{"line":135,"column":45},"skip":true},"38":{"start":{"line":138,"column":8},"end":{"line":145,"column":14},"skip":true},"39":{"start":{"line":143,"column":16},"end":{"line":143,"column":29},"skip":true},"40":{"start":{"line":144,"column":16},"end":{"line":144,"column":55},"skip":true},"41":{"start":{"line":147,"column":8},"end":{"line":156,"column":10},"skip":true},"42":{"start":{"line":154,"column":12},"end":{"line":154,"column":25},"skip":true},"43":{"start":{"line":155,"column":12},"end":{"line":155,"column":45},"skip":true},"44":{"start":{"line":158,"column":8},"end":{"line":167,"column":10},"skip":true},"45":{"start":{"line":165,"column":12},"end":{"line":165,"column":25},"skip":true},"46":{"start":{"line":166,"column":12},"end":{"line":166,"column":48},"skip":true},"47":{"start":{"line":169,"column":8},"end":{"line":178,"column":10},"skip":true},"48":{"start":{"line":176,"column":12},"end":{"line":176,"column":25},"skip":true},"49":{"start":{"line":177,"column":12},"end":{"line":177,"column":46},"skip":true},"50":{"start":{"line":180,"column":8},"end":{"line":189,"column":10},"skip":true},"51":{"start":{"line":187,"column":12},"end":{"line":187,"column":94},"skip":true},"52":{"start":{"line":188,"column":12},"end":{"line":188,"column":48},"skip":true},"53":{"start":{"line":192,"column":8},"end":{"line":192,"column":35},"skip":true},"54":{"start":{"line":193,"column":8},"end":{"line":193,"column":14},"skip":true}},"branchMap":{"1":{"line":25,"type":"binary-expr","locations":[{"start":{"line":25,"column":23},"end":{"line":25,"column":62}},{"start":{"line":26,"column":20},"end":{"line":26,"column":70}},{"start":{"line":27,"column":20},"end":{"line":27,"column":71}},{"start":{"line":28,"column":20},"end":{"line":28,"column":29}}]},"2":{"line":30,"type":"binary-expr","locations":[{"start":{"line":30,"column":23},"end":{"line":30,"column":37}},{"start":{"line":31,"column":20},"end":{"line":31,"column":61}},{"start":{"line":32,"column":20},"end":{"line":32,"column":70}},{"start":{"line":33,"column":20},"end":{"line":33,"column":26}}]},"3":{"line":37,"type":"cond-expr","locations":[{"start":{"line":38,"column":14},"end":{"line":38,"column":20}},{"start":{"line":39,"column":14},"end":{"line":39,"column":20}}]},"4":{"line":40,"type":"switch","locations":[{"start":{"line":42,"column":8},"end":{"line":47,"column":18}},{"start":{"line":49,"column":8},"end":{"line":52,"column":18}}]},"5":{"line":44,"type":"binary-expr","locations":[{"start":{"line":44,"column":16},"end":{"line":44,"column":44}},{"start":{"line":44,"column":48},"end":{"line":44,"column":66}}]},"6":{"line":50,"type":"binary-expr","locations":[{"start":{"line":50,"column":21},"end":{"line":50,"column":49}},{"start":{"line":50,"column":53},"end":{"line":50,"column":72}}]},"7":{"line":64,"type":"switch","locations":[{"start":{"line":69,"column":4},"end":{"line":70,"column":14}},{"start":{"line":75,"column":4},"end":{"line":76,"column":14}}]},"8":{"line":85,"type":"switch","locations":[{"start":{"line":90,"column":4},"end":{"line":105,"column":14}},{"start":{"line":111,"column":4},"end":{"line":193,"column":14},"skip":true}]},"9":{"line":91,"type":"binary-expr","locations":[{"start":{"line":91,"column":42},"end":{"line":91,"column":73}},{"start":{"line":91,"column":77},"end":{"line":99,"column":9}}]},"10":{"line":102,"type":"binary-expr","locations":[{"start":{"line":102,"column":18},"end":{"line":102,"column":32}},{"start":{"line":103,"column":12},"end":{"line":103,"column":53}},{"start":{"line":104,"column":12},"end":{"line":104,"column":61}}]},"11":{"line":112,"type":"binary-expr","locations":[{"start":{"line":112,"column":45},"end":{"line":112,"column":79},"skip":true},{"start":{"line":112,"column":83},"end":{"line":121,"column":9},"skip":true}]},"12":{"line":123,"type":"binary-expr","locations":[{"start":{"line":123,"column":42},"end":{"line":123,"column":73},"skip":true},{"start":{"line":123,"column":77},"end":{"line":136,"column":9},"skip":true}]},"13":{"line":138,"type":"binary-expr","locations":[{"start":{"line":138,"column":48},"end":{"line":138,"column":85},"skip":true},{"start":{"line":139,"column":12},"end":{"line":145,"column":13},"skip":true}]},"14":{"line":147,"type":"binary-expr","locations":[{"start":{"line":147,"column":42},"end":{"line":147,"column":73},"skip":true},{"start":{"line":147,"column":77},"end":{"line":156,"column":9},"skip":true}]},"15":{"line":158,"type":"binary-expr","locations":[{"start":{"line":158,"column":45},"end":{"line":158,"column":79},"skip":true},{"start":{"line":158,"column":83},"end":{"line":167,"column":9},"skip":true}]},"16":{"line":169,"type":"binary-expr","locations":[{"start":{"line":169,"column":43},"end":{"line":169,"column":75},"skip":true},{"start":{"line":169,"column":79},"end":{"line":178,"column":9},"skip":true}]},"17":{"line":180,"type":"binary-expr","locations":[{"start":{"line":180,"column":41},"end":{"line":180,"column":71},"skip":true},{"start":{"line":180,"column":75},"end":{"line":189,"column":9},"skip":true}]}},"code":["/* istanbul instrument in package npmtest_cordova_plugin_bluetoothle */","/*jslint","    bitwise: true,","    browser: true,","    maxerr: 8,","    maxlen: 96,","    node: true,","    nomen: true,","    regexp: true,","    stupid: true","*/","(function () {","    'use strict';","    var local;","","","","    // run shared js-env code - init-before","    (function () {","        // init local","        local = {};","        // init modeJs","        local.modeJs = (function () {","            try {","                return typeof navigator.userAgent === 'string' &&","                    typeof document.querySelector('body') === 'object' &&","                    typeof XMLHttpRequest.prototype.open === 'function' &&","                    'browser';","            } catch (errorCaughtBrowser) {","                return module.exports &&","                    typeof process.versions.node === 'string' &&","                    typeof require('http').createServer === 'function' &&","                    'node';","            }","        }());","        // init global","        local.global = local.modeJs === 'browser'","            ? window","            : global;","        switch (local.modeJs) {","        // re-init local from window.local","        case 'browser':","            local = local.global.utility2.objectSetDefault(","                local.global.utility2_rollup || local.global.local,","                local.global.utility2","            );","            break;","        // re-init local from example.js","        case 'node':","            local = (local.global.utility2_rollup || require('utility2'))","                .requireReadme();","            break;","        }","        // export local","        local.global.local = local;","    }());","","","","    // run shared js-env code - function","    (function () {","        return;","    }());","    switch (local.modeJs) {","","","","    // run browser js-env code - function","    case 'browser':","        break;","","","","    // run node js-env code - function","    case 'node':","        break;","    }","","","","    // run shared js-env code - init-after","    (function () {","        return;","    }());","    switch (local.modeJs) {","","","","    // run browser js-env code - init-after","    case 'browser':","        local.testCase_browser_nullCase = local.testCase_browser_nullCase || function (","            options,","            onError","        ) {","        /*","         * this function will test browsers's null-case handling-behavior-behavior","         */","            onError(null, options);","        };","","        // run tests","        local.nop(local.modeTest &&","            document.querySelector('#testRunButton1') &&","            document.querySelector('#testRunButton1').click());","        break;","","","","    // run node js-env code - init-after","    /* istanbul ignore next */","    case 'node':","        local.testCase_buildApidoc_default = local.testCase_buildApidoc_default || function (","            options,","            onError","        ) {","        /*","         * this function will test buildApidoc's default handling-behavior-behavior","         */","            options = { modulePathList: module.paths };","            local.buildApidoc(options, onError);","        };","","        local.testCase_buildApp_default = local.testCase_buildApp_default || function (","            options,","            onError","        ) {","        /*","         * this function will test buildApp's default handling-behavior-behavior","         */","            local.testCase_buildReadme_default(options, local.onErrorThrow);","            local.testCase_buildLib_default(options, local.onErrorThrow);","            local.testCase_buildTest_default(options, local.onErrorThrow);","            local.testCase_buildCustomOrg_default(options, local.onErrorThrow);","            options = [];","            local.buildApp(options, onError);","        };","","        local.testCase_buildCustomOrg_default = local.testCase_buildCustomOrg_default ||","            function (options, onError) {","            /*","             * this function will test buildCustomOrg's default handling-behavior","             */","                options = {};","                local.buildCustomOrg(options, onError);","            };","","        local.testCase_buildLib_default = local.testCase_buildLib_default || function (","            options,","            onError","        ) {","        /*","         * this function will test buildLib's default handling-behavior","         */","            options = {};","            local.buildLib(options, onError);","        };","","        local.testCase_buildReadme_default = local.testCase_buildReadme_default || function (","            options,","            onError","        ) {","        /*","         * this function will test buildReadme's default handling-behavior-behavior","         */","            options = {};","            local.buildReadme(options, onError);","        };","","        local.testCase_buildTest_default = local.testCase_buildTest_default || function (","            options,","            onError","        ) {","        /*","         * this function will test buildTest's default handling-behavior","         */","            options = {};","            local.buildTest(options, onError);","        };","","        local.testCase_webpage_default = local.testCase_webpage_default || function (","            options,","            onError","        ) {","        /*","         * this function will test webpage's default handling-behavior","         */","            options = { modeCoverageMerge: true, url: local.serverLocalHost + '?modeTest=1' };","            local.browserTest(options, onError);","        };","","        // run test-server","        local.testRunServer(local);","        break;","    }","}());",""],"l":{"12":2,"14":2,"19":2,"21":2,"23":2,"24":2,"25":2,"30":1,"37":2,"40":2,"43":1,"47":1,"50":1,"52":1,"55":2,"61":2,"62":2,"64":2,"70":1,"76":1,"82":2,"83":2,"85":2,"91":1,"98":1,"102":1,"105":1,"112":1,"119":1,"120":1,"123":1,"130":1,"131":1,"132":1,"133":1,"134":1,"135":1,"138":1,"143":2,"144":2,"147":1,"154":2,"155":2,"158":1,"165":2,"166":2,"169":1,"176":2,"177":2,"180":1,"187":1,"188":1,"192":1,"193":1}},"/home/travis/build/npmtest/node-npmtest-cordova-plugin-bluetoothle/lib.npmtest_cordova_plugin_bluetoothle.js":{"path":"/home/travis/build/npmtest/node-npmtest-cordova-plugin-bluetoothle/lib.npmtest_cordova_plugin_bluetoothle.js","s":{"1":2,"2":2,"3":2,"4":2,"5":2,"6":2,"7":2,"8":1,"9":2,"10":2,"11":2,"12":2,"13":1,"14":1,"15":1,"16":1},"b":{"1":[2,1,1,1],"2":[1,1,1,1],"3":[1,1],"4":[2,2],"5":[1,1]},"f":{"1":2,"2":2,"3":2},"fnMap":{"1":{"name":"(anonymous_1)","line":12,"loc":{"start":{"line":12,"column":1},"end":{"line":12,"column":13}}},"2":{"name":"(anonymous_2)","line":19,"loc":{"start":{"line":19,"column":5},"end":{"line":19,"column":17}}},"3":{"name":"(anonymous_3)","line":23,"loc":{"start":{"line":23,"column":24},"end":{"line":23,"column":36}}}},"statementMap":{"1":{"start":{"line":12,"column":0},"end":{"line":53,"column":5}},"2":{"start":{"line":14,"column":4},"end":{"line":14,"column":14}},"3":{"start":{"line":19,"column":4},"end":{"line":52,"column":9}},"4":{"start":{"line":21,"column":8},"end":{"line":21,"column":19}},"5":{"start":{"line":23,"column":8},"end":{"line":35,"column":13}},"6":{"start":{"line":24,"column":12},"end":{"line":34,"column":13}},"7":{"start":{"line":25,"column":16},"end":{"line":28,"column":30}},"8":{"start":{"line":30,"column":16},"end":{"line":33,"column":27}},"9":{"start":{"line":37,"column":8},"end":{"line":39,"column":21}},"10":{"start":{"line":41,"column":8},"end":{"line":41,"column":54}},"11":{"start":{"line":43,"column":8},"end":{"line":43,"column":71}},"12":{"start":{"line":45,"column":8},"end":{"line":51,"column":9}},"13":{"start":{"line":46,"column":12},"end":{"line":46,"column":77}},"14":{"start":{"line":48,"column":12},"end":{"line":48,"column":35}},"15":{"start":{"line":49,"column":12},"end":{"line":49,"column":49}},"16":{"start":{"line":50,"column":12},"end":{"line":50,"column":43}}},"branchMap":{"1":{"line":25,"type":"binary-expr","locations":[{"start":{"line":25,"column":23},"end":{"line":25,"column":62}},{"start":{"line":26,"column":20},"end":{"line":26,"column":70}},{"start":{"line":27,"column":20},"end":{"line":27,"column":71}},{"start":{"line":28,"column":20},"end":{"line":28,"column":29}}]},"2":{"line":30,"type":"binary-expr","locations":[{"start":{"line":30,"column":23},"end":{"line":30,"column":37}},{"start":{"line":31,"column":20},"end":{"line":31,"column":61}},{"start":{"line":32,"column":20},"end":{"line":32,"column":70}},{"start":{"line":33,"column":20},"end":{"line":33,"column":26}}]},"3":{"line":37,"type":"cond-expr","locations":[{"start":{"line":38,"column":14},"end":{"line":38,"column":20}},{"start":{"line":39,"column":14},"end":{"line":39,"column":20}}]},"4":{"line":41,"type":"binary-expr","locations":[{"start":{"line":41,"column":16},"end":{"line":41,"column":44}},{"start":{"line":41,"column":48},"end":{"line":41,"column":53}}]},"5":{"line":45,"type":"if","locations":[{"start":{"line":45,"column":8},"end":{"line":45,"column":8}},{"start":{"line":45,"column":8},"end":{"line":45,"column":8}}]}},"code":["/* istanbul instrument in package npmtest_cordova_plugin_bluetoothle */","/*jslint","    bitwise: true,","    browser: true,","    maxerr: 8,","    maxlen: 96,","    node: true,","    nomen: true,","    regexp: true,","    stupid: true","*/","(function () {","    'use strict';","    var local;","","","","    // run shared js-env code - init-before","    (function () {","        // init local","        local = {};","        // init modeJs","        local.modeJs = (function () {","            try {","                return typeof navigator.userAgent === 'string' &&","                    typeof document.querySelector('body') === 'object' &&","                    typeof XMLHttpRequest.prototype.open === 'function' &&","                    'browser';","            } catch (errorCaughtBrowser) {","                return module.exports &&","                    typeof process.versions.node === 'string' &&","                    typeof require('http').createServer === 'function' &&","                    'node';","            }","        }());","        // init global","        local.global = local.modeJs === 'browser'","            ? window","            : global;","        // init utility2_rollup","        local = local.global.utility2_rollup || local;","        // init lib","        local.local = local.npmtest_cordova_plugin_bluetoothle = local;","        // init exports","        if (local.modeJs === 'browser') {","            local.global.utility2_npmtest_cordova_plugin_bluetoothle = local;","        } else {","            module.exports = local;","            module.exports.__dirname = __dirname;","            module.exports.module = module;","        }","    }());","}());",""],"l":{"12":2,"14":2,"19":2,"21":2,"23":2,"24":2,"25":2,"30":1,"37":2,"41":2,"43":2,"45":2,"46":1,"48":1,"49":1,"50":1}},"/home/travis/build/npmtest/node-npmtest-cordova-plugin-bluetoothle/example.js":{"path":"/home/travis/build/npmtest/node-npmtest-cordova-plugin-bluetoothle/example.js","s":{"1":2,"2":2,"3":2,"4":2,"5":2,"6":2,"7":2,"8":1,"9":2,"10":2,"11":2,"12":2,"13":1,"14":2,"15":2,"16":2,"17":2,"18":2,"19":0,"20":2,"21":1,"22":1,"23":1,"24":1,"25":1,"26":0,"27":0,"28":1,"29":1,"30":2,"31":0,"32":0,"33":0,"34":1,"35":2,"36":2,"37":3,"38":3,"39":3,"40":3,"41":0,"42":3,"43":3,"44":3,"45":1,"46":3,"47":1,"48":1,"49":1,"50":1,"51":1,"52":1,"53":1,"54":1,"55":1,"56":1,"57":0,"58":1,"59":6,"60":6,"61":1,"62":2,"63":0,"64":2,"65":1,"66":1,"67":0,"68":0,"69":0,"70":0,"71":0,"72":0,"73":0,"74":0,"75":0,"76":0,"77":0,"78":0,"79":0,"80":0,"81":0,"82":0,"83":0},"b":{"1":[2,1,1,1],"2":[1,1,1,1],"3":[1,1],"4":[2,2],"5":[1,1],"6":[1,1],"7":[2,0],"8":[2,1,1,1,1,1],"9":[0,2,0],"10":[1,1],"11":[2,1,1],"12":[1,0],"13":[0,2],"14":[2,0,0,0,0,0,0],"15":[0,3],"16":[3,0],"17":[1,1],"18":[0,1],"19":[1,2,0,2],"20":[1,0],"21":[1,1],"22":[0,0],"23":[0,0],"24":[0,0],"25":[0,0],"26":[0,0],"27":[0,0],"28":[0,0]},"f":{"1":2,"2":2,"3":2,"4":2,"5":2,"6":2,"7":3,"8":3,"9":3,"10":1,"11":6,"12":0},"fnMap":{"1":{"name":"(anonymous_1)","line":26,"loc":{"start":{"line":26,"column":1},"end":{"line":26,"column":13}}},"2":{"name":"(anonymous_2)","line":33,"loc":{"start":{"line":33,"column":5},"end":{"line":33,"column":17}}},"3":{"name":"(anonymous_3)","line":37,"loc":{"start":{"line":37,"column":24},"end":{"line":37,"column":36}}},"4":{"name":"(anonymous_4)","line":69,"loc":{"start":{"line":69,"column":31},"end":{"line":69,"column":48}},"skip":true},"5":{"name":"(anonymous_5)","line":78,"loc":{"start":{"line":78,"column":26},"end":{"line":78,"column":45}},"skip":true},"6":{"name":"(anonymous_6)","line":123,"loc":{"start":{"line":123,"column":33},"end":{"line":123,"column":48}},"skip":true},"7":{"name":"(anonymous_7)","line":125,"loc":{"start":{"line":125,"column":27},"end":{"line":125,"column":39}},"skip":true},"8":{"name":"(anonymous_8)","line":133,"loc":{"start":{"line":133,"column":59},"end":{"line":133,"column":74}},"skip":true},"9":{"name":"(anonymous_9)","line":143,"loc":{"start":{"line":143,"column":45},"end":{"line":143,"column":62}},"skip":true},"10":{"name":"(anonymous_10)","line":144,"loc":{"start":{"line":144,"column":73},"end":{"line":144,"column":92}},"skip":true},"11":{"name":"(anonymous_11)","line":272,"loc":{"start":{"line":272,"column":51},"end":{"line":272,"column":77}},"skip":true},"12":{"name":"(anonymous_12)","line":315,"loc":{"start":{"line":315,"column":32},"end":{"line":315,"column":61}},"skip":true}},"statementMap":{"1":{"start":{"line":26,"column":0},"end":{"line":326,"column":5}},"2":{"start":{"line":28,"column":4},"end":{"line":28,"column":14}},"3":{"start":{"line":33,"column":4},"end":{"line":60,"column":9}},"4":{"start":{"line":35,"column":8},"end":{"line":35,"column":19}},"5":{"start":{"line":37,"column":8},"end":{"line":49,"column":13}},"6":{"start":{"line":38,"column":12},"end":{"line":48,"column":13}},"7":{"start":{"line":39,"column":16},"end":{"line":42,"column":30}},"8":{"start":{"line":44,"column":16},"end":{"line":47,"column":27}},"9":{"start":{"line":51,"column":8},"end":{"line":53,"column":21}},"10":{"start":{"line":55,"column":8},"end":{"line":57,"column":45}},"11":{"start":{"line":59,"column":8},"end":{"line":59,"column":35}},"12":{"start":{"line":61,"column":4},"end":{"line":325,"column":5}},"13":{"start":{"line":69,"column":8},"end":{"line":121,"column":10},"skip":true},"14":{"start":{"line":70,"column":12},"end":{"line":88,"column":13},"skip":true},"15":{"start":{"line":76,"column":16},"end":{"line":87,"column":19},"skip":true},"16":{"start":{"line":79,"column":20},"end":{"line":86,"column":21},"skip":true},"17":{"start":{"line":82,"column":24},"end":{"line":82,"column":43},"skip":true},"18":{"start":{"line":83,"column":24},"end":{"line":83,"column":30},"skip":true},"19":{"start":{"line":85,"column":24},"end":{"line":85,"column":49},"skip":true},"20":{"start":{"line":89,"column":12},"end":{"line":107,"column":13},"skip":true},"21":{"start":{"line":92,"column":16},"end":{"line":102,"column":17},"skip":true},"22":{"start":{"line":93,"column":20},"end":{"line":93,"column":86},"skip":true},"23":{"start":{"line":94,"column":20},"end":{"line":95,"column":45},"skip":true},"24":{"start":{"line":96,"column":20},"end":{"line":96,"column":42},"skip":true},"25":{"start":{"line":97,"column":20},"end":{"line":97,"column":48},"skip":true},"26":{"start":{"line":100,"column":20},"end":{"line":100,"column":85},"skip":true},"27":{"start":{"line":101,"column":20},"end":{"line":101,"column":96},"skip":true},"28":{"start":{"line":103,"column":16},"end":{"line":103,"column":22},"skip":true},"29":{"start":{"line":106,"column":16},"end":{"line":106,"column":22},"skip":true},"30":{"start":{"line":108,"column":12},"end":{"line":120,"column":13},"skip":true},"31":{"start":{"line":114,"column":16},"end":{"line":119,"column":17},"skip":true},"32":{"start":{"line":116,"column":20},"end":{"line":116,"column":78},"skip":true},"33":{"start":{"line":118,"column":20},"end":{"line":118,"column":47},"skip":true},"34":{"start":{"line":123,"column":8},"end":{"line":141,"column":11},"skip":true},"35":{"start":{"line":124,"column":12},"end":{"line":124,"column":54},"skip":true},"36":{"start":{"line":125,"column":12},"end":{"line":140,"column":14},"skip":true},"37":{"start":{"line":126,"column":16},"end":{"line":126,"column":28},"skip":true},"38":{"start":{"line":127,"column":16},"end":{"line":127,"column":69},"skip":true},"39":{"start":{"line":128,"column":16},"end":{"line":128,"column":75},"skip":true},"40":{"start":{"line":129,"column":16},"end":{"line":131,"column":17},"skip":true},"41":{"start":{"line":130,"column":20},"end":{"line":130,"column":27},"skip":true},"42":{"start":{"line":133,"column":16},"end":{"line":137,"column":36},"skip":true},"43":{"start":{"line":134,"column":20},"end":{"line":136,"column":55},"skip":true},"44":{"start":{"line":139,"column":16},"end":{"line":139,"column":57},"skip":true},"45":{"start":{"line":143,"column":8},"end":{"line":147,"column":11},"skip":true},"46":{"start":{"line":144,"column":12},"end":{"line":146,"column":15},"skip":true},"47":{"start":{"line":145,"column":16},"end":{"line":145,"column":70},"skip":true},"48":{"start":{"line":149,"column":8},"end":{"line":149,"column":31},"skip":true},"49":{"start":{"line":150,"column":8},"end":{"line":150,"column":14},"skip":true},"50":{"start":{"line":158,"column":8},"end":{"line":158,"column":31},"skip":true},"51":{"start":{"line":160,"column":8},"end":{"line":160,"column":33},"skip":true},"52":{"start":{"line":161,"column":8},"end":{"line":161,"column":37},"skip":true},"53":{"start":{"line":162,"column":8},"end":{"line":162,"column":35},"skip":true},"54":{"start":{"line":164,"column":8},"end":{"line":164,"column":50},"skip":true},"55":{"start":{"line":166,"column":8},"end":{"line":256,"column":2},"skip":true},"56":{"start":{"line":258,"column":8},"end":{"line":286,"column":9},"skip":true},"57":{"start":{"line":259,"column":12},"end":{"line":269,"column":14},"skip":true},"58":{"start":{"line":271,"column":12},"end":{"line":285,"column":19},"skip":true},"59":{"start":{"line":274,"column":20},"end":{"line":274,"column":35},"skip":true},"60":{"start":{"line":275,"column":20},"end":{"line":284,"column":21},"skip":true},"61":{"start":{"line":277,"column":24},"end":{"line":277,"column":64},"skip":true},"62":{"start":{"line":279,"column":24},"end":{"line":279,"column":40},"skip":true},"63":{"start":{"line":281,"column":24},"end":{"line":281,"column":40},"skip":true},"64":{"start":{"line":283,"column":24},"end":{"line":283,"column":39},"skip":true},"65":{"start":{"line":288,"column":8},"end":{"line":290,"column":9},"skip":true},"66":{"start":{"line":289,"column":12},"end":{"line":289,"column":18},"skip":true},"67":{"start":{"line":291,"column":8},"end":{"line":293,"column":54},"skip":true},"68":{"start":{"line":296,"column":8},"end":{"line":301,"column":37},"skip":true},"69":{"start":{"line":303,"column":8},"end":{"line":303,"column":82},"skip":true},"70":{"start":{"line":306,"column":8},"end":{"line":308,"column":9},"skip":true},"71":{"start":{"line":307,"column":12},"end":{"line":307,"column":82},"skip":true},"72":{"start":{"line":310,"column":8},"end":{"line":312,"column":9},"skip":true},"73":{"start":{"line":311,"column":12},"end":{"line":311,"column":18},"skip":true},"74":{"start":{"line":313,"column":8},"end":{"line":313,"column":54},"skip":true},"75":{"start":{"line":314,"column":8},"end":{"line":314,"column":69},"skip":true},"76":{"start":{"line":315,"column":8},"end":{"line":323,"column":36},"skip":true},"77":{"start":{"line":316,"column":12},"end":{"line":316,"column":61},"skip":true},"78":{"start":{"line":317,"column":12},"end":{"line":320,"column":13},"skip":true},"79":{"start":{"line":318,"column":16},"end":{"line":318,"column":75},"skip":true},"80":{"start":{"line":319,"column":16},"end":{"line":319,"column":23},"skip":true},"81":{"start":{"line":321,"column":12},"end":{"line":321,"column":38},"skip":true},"82":{"start":{"line":322,"column":12},"end":{"line":322,"column":27},"skip":true},"83":{"start":{"line":324,"column":8},"end":{"line":324,"column":14},"skip":true}},"branchMap":{"1":{"line":39,"type":"binary-expr","locations":[{"start":{"line":39,"column":23},"end":{"line":39,"column":62}},{"start":{"line":40,"column":20},"end":{"line":40,"column":70}},{"start":{"line":41,"column":20},"end":{"line":41,"column":71}},{"start":{"line":42,"column":20},"end":{"line":42,"column":29}}]},"2":{"line":44,"type":"binary-expr","locations":[{"start":{"line":44,"column":23},"end":{"line":44,"column":37}},{"start":{"line":45,"column":20},"end":{"line":45,"column":61}},{"start":{"line":46,"column":20},"end":{"line":46,"column":70}},{"start":{"line":47,"column":20},"end":{"line":47,"column":26}}]},"3":{"line":51,"type":"cond-expr","locations":[{"start":{"line":52,"column":14},"end":{"line":52,"column":20}},{"start":{"line":53,"column":14},"end":{"line":53,"column":20}}]},"4":{"line":55,"type":"binary-expr","locations":[{"start":{"line":55,"column":16},"end":{"line":55,"column":44}},{"start":{"line":55,"column":49},"end":{"line":57,"column":43}}]},"5":{"line":55,"type":"cond-expr","locations":[{"start":{"line":56,"column":14},"end":{"line":56,"column":70}},{"start":{"line":57,"column":14},"end":{"line":57,"column":43}}]},"6":{"line":61,"type":"switch","locations":[{"start":{"line":68,"column":4},"end":{"line":150,"column":14},"skip":true},{"start":{"line":156,"column":4},"end":{"line":324,"column":14},"skip":true}]},"7":{"line":70,"type":"if","locations":[{"start":{"line":70,"column":12},"end":{"line":70,"column":12},"skip":true},{"start":{"line":70,"column":12},"end":{"line":70,"column":12},"skip":true}]},"8":{"line":70,"type":"binary-expr","locations":[{"start":{"line":70,"column":16},"end":{"line":70,"column":22},"skip":true},{"start":{"line":70,"column":27},"end":{"line":70,"column":32},"skip":true},{"start":{"line":71,"column":20},"end":{"line":71,"column":39},"skip":true},{"start":{"line":72,"column":20},"end":{"line":72,"column":49},"skip":true},{"start":{"line":73,"column":20},"end":{"line":73,"column":58},"skip":true},{"start":{"line":74,"column":20},"end":{"line":74,"column":69},"skip":true}]},"9":{"line":79,"type":"switch","locations":[{"start":{"line":80,"column":20},"end":{"line":80,"column":33},"skip":true},{"start":{"line":81,"column":20},"end":{"line":83,"column":30},"skip":true},{"start":{"line":84,"column":20},"end":{"line":85,"column":49},"skip":true}]},"10":{"line":89,"type":"switch","locations":[{"start":{"line":90,"column":12},"end":{"line":103,"column":22},"skip":true},{"start":{"line":105,"column":12},"end":{"line":106,"column":22},"skip":true}]},"11":{"line":89,"type":"binary-expr","locations":[{"start":{"line":89,"column":20},"end":{"line":89,"column":25},"skip":true},{"start":{"line":89,"column":29},"end":{"line":89,"column":48},"skip":true},{"start":{"line":89,"column":52},"end":{"line":89,"column":74},"skip":true}]},"12":{"line":92,"type":"if","locations":[{"start":{"line":92,"column":16},"end":{"line":92,"column":16},"skip":true},{"start":{"line":92,"column":16},"end":{"line":92,"column":16},"skip":true}]},"13":{"line":108,"type":"if","locations":[{"start":{"line":108,"column":12},"end":{"line":108,"column":12},"skip":true},{"start":{"line":108,"column":12},"end":{"line":108,"column":12},"skip":true}]},"14":{"line":108,"type":"binary-expr","locations":[{"start":{"line":108,"column":16},"end":{"line":108,"column":61},"skip":true},{"start":{"line":108,"column":66},"end":{"line":108,"column":72},"skip":true},{"start":{"line":108,"column":77},"end":{"line":108,"column":82},"skip":true},{"start":{"line":109,"column":20},"end":{"line":109,"column":39},"skip":true},{"start":{"line":110,"column":20},"end":{"line":110,"column":49},"skip":true},{"start":{"line":111,"column":20},"end":{"line":111,"column":58},"skip":true},{"start":{"line":112,"column":20},"end":{"line":112,"column":68},"skip":true}]},"15":{"line":129,"type":"if","locations":[{"start":{"line":129,"column":16},"end":{"line":129,"column":16},"skip":true},{"start":{"line":129,"column":16},"end":{"line":129,"column":16},"skip":true}]},"16":{"line":134,"type":"cond-expr","locations":[{"start":{"line":135,"column":26},"end":{"line":135,"column":29},"skip":true},{"start":{"line":136,"column":26},"end":{"line":136,"column":54},"skip":true}]},"17":{"line":164,"type":"binary-expr","locations":[{"start":{"line":164,"column":27},"end":{"line":164,"column":43},"skip":true},{"start":{"line":164,"column":47},"end":{"line":164,"column":49},"skip":true}]},"18":{"line":258,"type":"if","locations":[{"start":{"line":258,"column":8},"end":{"line":258,"column":8},"skip":true},{"start":{"line":258,"column":8},"end":{"line":258,"column":8},"skip":true}]},"19":{"line":275,"type":"switch","locations":[{"start":{"line":276,"column":20},"end":{"line":277,"column":64},"skip":true},{"start":{"line":278,"column":20},"end":{"line":279,"column":40},"skip":true},{"start":{"line":280,"column":20},"end":{"line":281,"column":40},"skip":true},{"start":{"line":282,"column":20},"end":{"line":283,"column":39},"skip":true}]},"20":{"line":288,"type":"if","locations":[{"start":{"line":288,"column":8},"end":{"line":288,"column":8},"skip":true},{"start":{"line":288,"column":8},"end":{"line":288,"column":8},"skip":true}]},"21":{"line":288,"type":"binary-expr","locations":[{"start":{"line":288,"column":12},"end":{"line":288,"column":40},"skip":true},{"start":{"line":288,"column":44},"end":{"line":288,"column":67},"skip":true}]},"22":{"line":292,"type":"binary-expr","locations":[{"start":{"line":292,"column":12},"end":{"line":292,"column":50},"skip":true},{"start":{"line":293,"column":12},"end":{"line":293,"column":53},"skip":true}]},"23":{"line":297,"type":"binary-expr","locations":[{"start":{"line":297,"column":12},"end":{"line":297,"column":84},"skip":true},{"start":{"line":298,"column":12},"end":{"line":301,"column":36},"skip":true}]},"24":{"line":303,"type":"binary-expr","locations":[{"start":{"line":303,"column":43},"end":{"line":303,"column":75},"skip":true},{"start":{"line":303,"column":79},"end":{"line":303,"column":81},"skip":true}]},"25":{"line":306,"type":"if","locations":[{"start":{"line":306,"column":8},"end":{"line":306,"column":8},"skip":true},{"start":{"line":306,"column":8},"end":{"line":306,"column":8},"skip":true}]},"26":{"line":310,"type":"if","locations":[{"start":{"line":310,"column":8},"end":{"line":310,"column":8},"skip":true},{"start":{"line":310,"column":8},"end":{"line":310,"column":8},"skip":true}]},"27":{"line":313,"type":"binary-expr","locations":[{"start":{"line":313,"column":27},"end":{"line":313,"column":43},"skip":true},{"start":{"line":313,"column":47},"end":{"line":313,"column":53},"skip":true}]},"28":{"line":317,"type":"if","locations":[{"start":{"line":317,"column":12},"end":{"line":317,"column":12},"skip":true},{"start":{"line":317,"column":12},"end":{"line":317,"column":12},"skip":true}]}},"code":["/*","example.js","","quickstart example","","instruction","    1. save this script as example.js","    2. run the shell command:","        $ npm install npmtest-cordova-plugin-bluetoothle && PORT=8081 node example.js","    3. play with the browser-demo on http://127.0.0.1:8081","*/","","","","/* istanbul instrument in package npmtest_cordova_plugin_bluetoothle */","/*jslint","    bitwise: true,","    browser: true,","    maxerr: 8,","    maxlen: 96,","    node: true,","    nomen: true,","    regexp: true,","    stupid: true","*/","(function () {","    'use strict';","    var local;","","","","    // run shared js-env code - init-before","    (function () {","        // init local","        local = {};","        // init modeJs","        local.modeJs = (function () {","            try {","                return typeof navigator.userAgent === 'string' &&","                    typeof document.querySelector('body') === 'object' &&","                    typeof XMLHttpRequest.prototype.open === 'function' &&","                    'browser';","            } catch (errorCaughtBrowser) {","                return module.exports &&","                    typeof process.versions.node === 'string' &&","                    typeof require('http').createServer === 'function' &&","                    'node';","            }","        }());","        // init global","        local.global = local.modeJs === 'browser'","            ? window","            : global;","        // init utility2_rollup","        local = local.global.utility2_rollup || (local.modeJs === 'browser'","            ? local.global.utility2_npmtest_cordova_plugin_bluetoothle","            : global.utility2_moduleExports);","        // export local","        local.global.local = local;","    }());","    switch (local.modeJs) {","","","","    // init-after","    // run browser js-env code - init-after","    /* istanbul ignore next */","    case 'browser':","        local.testRunBrowser = function (event) {","            if (!event || (event &&","                    event.currentTarget &&","                    event.currentTarget.className &&","                    event.currentTarget.className.includes &&","                    event.currentTarget.className.includes('onreset'))) {","                // reset output","                Array.from(","                    document.querySelectorAll('body > .resettable')","                ).forEach(function (element) {","                    switch (element.tagName) {","                    case 'INPUT':","                    case 'TEXTAREA':","                        element.value = '';","                        break;","                    default:","                        element.textContent = '';","                    }","                });","            }","            switch (event && event.currentTarget && event.currentTarget.id) {","            case 'testRunButton1':","                // show tests","                if (document.querySelector('#testReportDiv1').style.display === 'none') {","                    document.querySelector('#testReportDiv1').style.display = 'block';","                    document.querySelector('#testRunButton1').textContent =","                        'hide internal test';","                    local.modeTest = true;","                    local.testRunDefault(local);","                // hide tests","                } else {","                    document.querySelector('#testReportDiv1').style.display = 'none';","                    document.querySelector('#testRunButton1').textContent = 'run internal test';","                }","                break;","            // custom-case","            default:","                break;","            }","            if (document.querySelector('#inputTextareaEval1') && (!event || (event &&","                    event.currentTarget &&","                    event.currentTarget.className &&","                    event.currentTarget.className.includes &&","                    event.currentTarget.className.includes('oneval')))) {","                // try to eval input-code","                try {","                    /*jslint evil: true*/","                    eval(document.querySelector('#inputTextareaEval1').value);","                } catch (errorCaught) {","                    console.error(errorCaught);","                }","            }","        };","        // log stderr and stdout to #outputTextareaStdout1","        ['error', 'log'].forEach(function (key) {","            console[key + '_original'] = console[key];","            console[key] = function () {","                var element;","                console[key + '_original'].apply(console, arguments);","                element = document.querySelector('#outputTextareaStdout1');","                if (!element) {","                    return;","                }","                // append text to #outputTextareaStdout1","                element.value += Array.from(arguments).map(function (arg) {","                    return typeof arg === 'string'","                        ? arg","                        : JSON.stringify(arg, null, 4);","                }).join(' ') + '\\n';","                // scroll textarea to bottom","                element.scrollTop = element.scrollHeight;","            };","        });","        // init event-handling","        ['change', 'click', 'keyup'].forEach(function (event) {","            Array.from(document.querySelectorAll('.on' + event)).forEach(function (element) {","                element.addEventListener(event, local.testRunBrowser);","            });","        });","        // run tests","        local.testRunBrowser();","        break;","","","","    // run node js-env code - init-after","    /* istanbul ignore next */","    case 'node':","        // export local","        module.exports = local;","        // require modules","        local.fs = require('fs');","        local.http = require('http');","        local.url = require('url');","        // init assets","        local.assetsDict = local.assetsDict || {};","        /* jslint-ignore-begin */","        local.assetsDict['/assets.index.template.html'] = '\\","<!doctype html>\\n\\","<html lang=\"en\">\\n\\","<head>\\n\\","<meta charset=\"UTF-8\">\\n\\","<meta name=\"viewport\" content=\"width=device-width, initial-scale=1\">\\n\\","<title>{{env.npm_package_name}} (v{{env.npm_package_version}})</title>\\n\\","<style>\\n\\","/*csslint\\n\\","    box-sizing: false,\\n\\","    universal-selector: false\\n\\","*/\\n\\","* {\\n\\","    box-sizing: border-box;\\n\\","}\\n\\","body {\\n\\","    background: #dde;\\n\\","    font-family: Arial, Helvetica, sans-serif;\\n\\","    margin: 2rem;\\n\\","}\\n\\","body > * {\\n\\","    margin-bottom: 1rem;\\n\\","}\\n\\",".utility2FooterDiv {\\n\\","    margin-top: 20px;\\n\\","    text-align: center;\\n\\","}\\n\\","</style>\\n\\","<style>\\n\\","/*csslint\\n\\","*/\\n\\","textarea {\\n\\","    font-family: monospace;\\n\\","    height: 10rem;\\n\\","    width: 100%;\\n\\","}\\n\\","textarea[readonly] {\\n\\","    background: #ddd;\\n\\","}\\n\\","</style>\\n\\","</head>\\n\\","<body>\\n\\","<!-- utility2-comment\\n\\","<div id=\"ajaxProgressDiv1\" style=\"background: #d00; height: 2px; left: 0; margin: 0; padding: 0; position: fixed; top: 0; transition: background 0.5s, width 1.5s; width: 25%;\"></div>\\n\\","utility2-comment -->\\n\\","<h1>\\n\\","<!-- utility2-comment\\n\\","    <a\\n\\","        {{#if env.npm_package_homepage}}\\n\\","        href=\"{{env.npm_package_homepage}}\"\\n\\","        {{/if env.npm_package_homepage}}\\n\\","        target=\"_blank\"\\n\\","    >\\n\\","utility2-comment -->\\n\\","        {{env.npm_package_name}} (v{{env.npm_package_version}})\\n\\","<!-- utility2-comment\\n\\","    </a>\\n\\","utility2-comment -->\\n\\","</h1>\\n\\","<h3>{{env.npm_package_description}}</h3>\\n\\","<!-- utility2-comment\\n\\","<h4><a download href=\"assets.app.js\">download standalone app</a></h4>\\n\\","<button class=\"onclick onreset\" id=\"testRunButton1\">run internal test</button><br>\\n\\","<div id=\"testReportDiv1\" style=\"display: none;\"></div>\\n\\","utility2-comment -->\\n\\","\\n\\","\\n\\","\\n\\","<label>stderr and stdout</label>\\n\\","<textarea class=\"resettable\" id=\"outputTextareaStdout1\" readonly></textarea>\\n\\","<!-- utility2-comment\\n\\","{{#if isRollup}}\\n\\","<script src=\"assets.app.js\"></script>\\n\\","{{#unless isRollup}}\\n\\","utility2-comment -->\\n\\","<script src=\"assets.utility2.rollup.js\"></script>\\n\\","<script src=\"jsonp.utility2._stateInit?callback=window.utility2._stateInit\"></script>\\n\\","<script src=\"assets.npmtest_cordova_plugin_bluetoothle.rollup.js\"></script>\\n\\","<script src=\"assets.example.js\"></script>\\n\\","<script src=\"assets.test.js\"></script>\\n\\","<!-- utility2-comment\\n\\","{{/if isRollup}}\\n\\","utility2-comment -->\\n\\","<div class=\"utility2FooterDiv\">\\n\\","    [ this app was created with\\n\\","    <a href=\"https://github.com/kaizhu256/node-utility2\" target=\"_blank\">utility2</a>\\n\\","    ]\\n\\","</div>\\n\\","</body>\\n\\","</html>\\n\\","';","        /* jslint-ignore-end */","        if (local.templateRender) {","            local.assetsDict['/'] = local.templateRender(","                local.assetsDict['/assets.index.template.html'],","                {","                    env: local.objectSetDefault(local.env, {","                        npm_package_description: 'the greatest app in the world!',","                        npm_package_name: 'my-app',","                        npm_package_nameAlias: 'my_app',","                        npm_package_version: '0.0.1'","                    })","                }","            );","        } else {","            local.assetsDict['/'] = local.assetsDict['/assets.index.template.html']","                .replace((/\\{\\{env\\.(\\w+?)\\}\\}/g), function (match0, match1) {","                    // jslint-hack","                    String(match0);","                    switch (match1) {","                    case 'npm_package_description':","                        return 'the greatest app in the world!';","                    case 'npm_package_name':","                        return 'my-app';","                    case 'npm_package_nameAlias':","                        return 'my_app';","                    case 'npm_package_version':","                        return '0.0.1';","                    }","                });","        }","        // run the cli","        if (local.global.utility2_rollup || module !== require.main) {","            break;","        }","        local.assetsDict['/assets.example.js'] =","            local.assetsDict['/assets.example.js'] ||","            local.fs.readFileSync(__filename, 'utf8');","        // bug-workaround - long $npm_package_buildCustomOrg","        /* jslint-ignore-begin */","        local.assetsDict['/assets.npmtest_cordova_plugin_bluetoothle.rollup.js'] =","            local.assetsDict['/assets.npmtest_cordova_plugin_bluetoothle.rollup.js'] ||","            local.fs.readFileSync(","                local.npmtest_cordova_plugin_bluetoothle.__dirname + '/lib.npmtest_cordova_plugin_bluetoothle.js',","                'utf8'","            ).replace((/^#!/), '//');","        /* jslint-ignore-end */","        local.assetsDict['/favicon.ico'] = local.assetsDict['/favicon.ico'] || '';","        // if $npm_config_timeout_exit exists,","        // then exit this process after $npm_config_timeout_exit ms","        if (Number(process.env.npm_config_timeout_exit)) {","            setTimeout(process.exit, Number(process.env.npm_config_timeout_exit));","        }","        // start server","        if (local.global.utility2_serverHttp1) {","            break;","        }","        process.env.PORT = process.env.PORT || '8081';","        console.error('server starting on port ' + process.env.PORT);","        local.http.createServer(function (request, response) {","            request.urlParsed = local.url.parse(request.url);","            if (local.assetsDict[request.urlParsed.pathname] !== undefined) {","                response.end(local.assetsDict[request.urlParsed.pathname]);","                return;","            }","            response.statusCode = 404;","            response.end();","        }).listen(process.env.PORT);","        break;","    }","}());",""],"l":{"26":2,"28":2,"33":2,"35":2,"37":2,"38":2,"39":2,"44":1,"51":2,"55":2,"59":2,"61":2,"69":1,"70":2,"76":2,"79":2,"82":2,"83":2,"85":1,"89":2,"92":1,"93":1,"94":1,"96":1,"97":1,"100":1,"101":1,"103":1,"106":1,"108":2,"114":1,"116":1,"118":1,"123":1,"124":2,"125":2,"126":3,"127":3,"128":3,"129":3,"130":1,"133":3,"134":3,"139":3,"143":1,"144":3,"145":1,"149":1,"150":1,"158":1,"160":1,"161":1,"162":1,"164":1,"166":1,"258":1,"259":1,"271":1,"274":6,"275":6,"277":1,"279":2,"281":1,"283":2,"288":1,"289":1,"291":1,"296":1,"303":1,"306":1,"307":1,"310":1,"311":1,"313":1,"314":1,"315":1,"316":1,"317":1,"318":1,"319":1,"321":1,"322":1,"324":1}},"/home/travis/build/npmtest/node-npmtest-cordova-plugin-bluetoothle/node_modules/cordova-plugin-bluetoothle/www/bluetoothle.js":{"path":"/home/travis/build/npmtest/node-npmtest-cordova-plugin-bluetoothle/node_modules/cordova-plugin-bluetoothle/www/bluetoothle.js","s":{"1":1,"2":1,"3":0,"4":0,"5":0,"6":0,"7":0,"8":0,"9":0,"10":0,"11":0,"12":0,"13":0,"14":0,"15":0,"16":0,"17":0,"18":0,"19":0,"20":0,"21":0,"22":0,"23":0,"24":0,"25":0,"26":0,"27":0,"28":0,"29":0,"30":0,"31":0,"32":0,"33":0,"34":0,"35":0,"36":0,"37":0,"38":0,"39":0,"40":0,"41":0,"42":0,"43":0,"44":0,"45":0,"46":0,"47":0,"48":0,"49":0,"50":0,"51":0,"52":0,"53":0,"54":0,"55":0,"56":0,"57":0,"58":0,"59":0,"60":0,"61":0,"62":0,"63":0,"64":0,"65":1},"b":{},"f":{"1":0,"2":0,"3":0,"4":0,"5":0,"6":0,"7":0,"8":0,"9":0,"10":0,"11":0,"12":0,"13":0,"14":0,"15":0,"16":0,"17":0,"18":0,"19":0,"20":0,"21":0,"22":0,"23":0,"24":0,"25":0,"26":0,"27":0,"28":0,"29":0,"30":0,"31":0,"32":0,"33":0,"34":0,"35":0,"36":0,"37":0,"38":0,"39":0,"40":0,"41":0,"42":0,"43":0,"44":0,"45":0,"46":0,"47":0,"48":0,"49":0,"50":0,"51":0},"fnMap":{"1":{"name":"(anonymous_1)","line":3,"loc":{"start":{"line":3,"column":14},"end":{"line":3,"column":48}}},"2":{"name":"(anonymous_2)","line":6,"loc":{"start":{"line":6,"column":10},"end":{"line":6,"column":51}}},"3":{"name":"(anonymous_3)","line":9,"loc":{"start":{"line":9,"column":11},"end":{"line":9,"column":52}}},"4":{"name":"(anonymous_4)","line":12,"loc":{"start":{"line":12,"column":13},"end":{"line":12,"column":62}}},"5":{"name":"(anonymous_5)","line":15,"loc":{"start":{"line":15,"column":12},"end":{"line":15,"column":53}}},"6":{"name":"(anonymous_6)","line":18,"loc":{"start":{"line":18,"column":21},"end":{"line":18,"column":70}}},"7":{"name":"(anonymous_7)","line":21,"loc":{"start":{"line":21,"column":8},"end":{"line":21,"column":57}}},"8":{"name":"(anonymous_8)","line":24,"loc":{"start":{"line":24,"column":10},"end":{"line":24,"column":59}}},"9":{"name":"(anonymous_9)","line":27,"loc":{"start":{"line":27,"column":11},"end":{"line":27,"column":60}}},"10":{"name":"(anonymous_10)","line":30,"loc":{"start":{"line":30,"column":13},"end":{"line":30,"column":62}}},"11":{"name":"(anonymous_11)","line":33,"loc":{"start":{"line":33,"column":14},"end":{"line":33,"column":63}}},"12":{"name":"(anonymous_12)","line":36,"loc":{"start":{"line":36,"column":9},"end":{"line":36,"column":58}}},"13":{"name":"(anonymous_13)","line":39,"loc":{"start":{"line":39,"column":12},"end":{"line":39,"column":61}}},"14":{"name":"(anonymous_14)","line":42,"loc":{"start":{"line":42,"column":12},"end":{"line":42,"column":61}}},"15":{"name":"(anonymous_15)","line":45,"loc":{"start":{"line":45,"column":19},"end":{"line":45,"column":68}}},"16":{"name":"(anonymous_16)","line":48,"loc":{"start":{"line":48,"column":15},"end":{"line":48,"column":64}}},"17":{"name":"(anonymous_17)","line":51,"loc":{"start":{"line":51,"column":8},"end":{"line":51,"column":57}}},"18":{"name":"(anonymous_18)","line":54,"loc":{"start":{"line":54,"column":13},"end":{"line":54,"column":62}}},"19":{"name":"(anonymous_19)","line":57,"loc":{"start":{"line":57,"column":15},"end":{"line":57,"column":64}}},"20":{"name":"(anonymous_20)","line":60,"loc":{"start":{"line":60,"column":9},"end":{"line":60,"column":58}}},"21":{"name":"(anonymous_21)","line":63,"loc":{"start":{"line":63,"column":10},"end":{"line":63,"column":59}}},"22":{"name":"(anonymous_22)","line":66,"loc":{"start":{"line":66,"column":18},"end":{"line":66,"column":67}}},"23":{"name":"(anonymous_23)","line":69,"loc":{"start":{"line":69,"column":19},"end":{"line":69,"column":68}}},"24":{"name":"(anonymous_24)","line":72,"loc":{"start":{"line":72,"column":8},"end":{"line":72,"column":57}}},"25":{"name":"(anonymous_25)","line":75,"loc":{"start":{"line":75,"column":7},"end":{"line":75,"column":56}}},"26":{"name":"(anonymous_26)","line":78,"loc":{"start":{"line":78,"column":29},"end":{"line":78,"column":78}}},"27":{"name":"(anonymous_27)","line":81,"loc":{"start":{"line":81,"column":17},"end":{"line":81,"column":43}}},"28":{"name":"(anonymous_28)","line":84,"loc":{"start":{"line":84,"column":13},"end":{"line":84,"column":39}}},"29":{"name":"(anonymous_29)","line":87,"loc":{"start":{"line":87,"column":14},"end":{"line":87,"column":40}}},"30":{"name":"(anonymous_30)","line":90,"loc":{"start":{"line":90,"column":12},"end":{"line":90,"column":61}}},"31":{"name":"(anonymous_31)","line":93,"loc":{"start":{"line":93,"column":16},"end":{"line":93,"column":65}}},"32":{"name":"(anonymous_32)","line":96,"loc":{"start":{"line":96,"column":15},"end":{"line":96,"column":64}}},"33":{"name":"(anonymous_33)","line":99,"loc":{"start":{"line":99,"column":16},"end":{"line":99,"column":65}}},"34":{"name":"(anonymous_34)","line":102,"loc":{"start":{"line":102,"column":17},"end":{"line":102,"column":58}}},"35":{"name":"(anonymous_35)","line":105,"loc":{"start":{"line":105,"column":21},"end":{"line":105,"column":62}}},"36":{"name":"(anonymous_36)","line":108,"loc":{"start":{"line":108,"column":21},"end":{"line":108,"column":62}}},"37":{"name":"(anonymous_37)","line":111,"loc":{"start":{"line":111,"column":19},"end":{"line":111,"column":60}}},"38":{"name":"(anonymous_38)","line":114,"loc":{"start":{"line":114,"column":24},"end":{"line":114,"column":73}}},"39":{"name":"(anonymous_39)","line":117,"loc":{"start":{"line":117,"column":14},"end":{"line":117,"column":63}}},"40":{"name":"(anonymous_40)","line":120,"loc":{"start":{"line":120,"column":17},"end":{"line":120,"column":66}}},"41":{"name":"(anonymous_41)","line":123,"loc":{"start":{"line":123,"column":21},"end":{"line":123,"column":70}}},"42":{"name":"(anonymous_42)","line":126,"loc":{"start":{"line":126,"column":20},"end":{"line":126,"column":69}}},"43":{"name":"(anonymous_43)","line":129,"loc":{"start":{"line":129,"column":19},"end":{"line":129,"column":68}}},"44":{"name":"(anonymous_44)","line":132,"loc":{"start":{"line":132,"column":17},"end":{"line":132,"column":66}}},"45":{"name":"(anonymous_45)","line":135,"loc":{"start":{"line":135,"column":11},"end":{"line":135,"column":60}}},"46":{"name":"(anonymous_46)","line":138,"loc":{"start":{"line":138,"column":10},"end":{"line":138,"column":59}}},"47":{"name":"(anonymous_47)","line":141,"loc":{"start":{"line":141,"column":24},"end":{"line":141,"column":41}}},"48":{"name":"(anonymous_48)","line":150,"loc":{"start":{"line":150,"column":24},"end":{"line":150,"column":40}}},"49":{"name":"(anonymous_49)","line":153,"loc":{"start":{"line":153,"column":17},"end":{"line":153,"column":34}}},"50":{"name":"(anonymous_50)","line":161,"loc":{"start":{"line":161,"column":17},"end":{"line":161,"column":33}}},"51":{"name":"(anonymous_51)","line":164,"loc":{"start":{"line":164,"column":14},"end":{"line":164,"column":30}}}},"statementMap":{"1":{"start":{"line":1,"column":0},"end":{"line":1,"column":42}},"2":{"start":{"line":2,"column":0},"end":{"line":183,"column":1}},"3":{"start":{"line":4,"column":4},"end":{"line":4,"column":92}},"4":{"start":{"line":7,"column":4},"end":{"line":7,"column":80}},"5":{"start":{"line":10,"column":4},"end":{"line":10,"column":81}},"6":{"start":{"line":13,"column":4},"end":{"line":13,"column":89}},"7":{"start":{"line":16,"column":4},"end":{"line":16,"column":82}},"8":{"start":{"line":19,"column":4},"end":{"line":19,"column":97}},"9":{"start":{"line":22,"column":4},"end":{"line":22,"column":84}},"10":{"start":{"line":25,"column":4},"end":{"line":25,"column":86}},"11":{"start":{"line":28,"column":4},"end":{"line":28,"column":87}},"12":{"start":{"line":31,"column":4},"end":{"line":31,"column":89}},"13":{"start":{"line":34,"column":4},"end":{"line":34,"column":90}},"14":{"start":{"line":37,"column":4},"end":{"line":37,"column":85}},"15":{"start":{"line":40,"column":4},"end":{"line":40,"column":88}},"16":{"start":{"line":43,"column":4},"end":{"line":43,"column":88}},"17":{"start":{"line":46,"column":4},"end":{"line":46,"column":95}},"18":{"start":{"line":49,"column":4},"end":{"line":49,"column":91}},"19":{"start":{"line":52,"column":4},"end":{"line":52,"column":84}},"20":{"start":{"line":55,"column":4},"end":{"line":55,"column":89}},"21":{"start":{"line":58,"column":4},"end":{"line":58,"column":91}},"22":{"start":{"line":61,"column":4},"end":{"line":61,"column":85}},"23":{"start":{"line":64,"column":4},"end":{"line":64,"column":86}},"24":{"start":{"line":67,"column":4},"end":{"line":67,"column":94}},"25":{"start":{"line":70,"column":4},"end":{"line":70,"column":95}},"26":{"start":{"line":73,"column":4},"end":{"line":73,"column":84}},"27":{"start":{"line":76,"column":4},"end":{"line":76,"column":83}},"28":{"start":{"line":79,"column":4},"end":{"line":79,"column":105}},"29":{"start":{"line":82,"column":4},"end":{"line":82,"column":89}},"30":{"start":{"line":85,"column":4},"end":{"line":85,"column":85}},"31":{"start":{"line":88,"column":4},"end":{"line":88,"column":86}},"32":{"start":{"line":91,"column":4},"end":{"line":91,"column":88}},"33":{"start":{"line":94,"column":4},"end":{"line":94,"column":92}},"34":{"start":{"line":97,"column":4},"end":{"line":97,"column":91}},"35":{"start":{"line":100,"column":4},"end":{"line":100,"column":92}},"36":{"start":{"line":103,"column":4},"end":{"line":103,"column":87}},"37":{"start":{"line":106,"column":4},"end":{"line":106,"column":91}},"38":{"start":{"line":109,"column":4},"end":{"line":109,"column":91}},"39":{"start":{"line":112,"column":4},"end":{"line":112,"column":89}},"40":{"start":{"line":115,"column":4},"end":{"line":115,"column":100}},"41":{"start":{"line":118,"column":4},"end":{"line":118,"column":90}},"42":{"start":{"line":121,"column":4},"end":{"line":121,"column":93}},"43":{"start":{"line":124,"column":4},"end":{"line":124,"column":97}},"44":{"start":{"line":127,"column":4},"end":{"line":127,"column":96}},"45":{"start":{"line":130,"column":4},"end":{"line":130,"column":95}},"46":{"start":{"line":133,"column":4},"end":{"line":133,"column":87}},"47":{"start":{"line":136,"column":4},"end":{"line":136,"column":87}},"48":{"start":{"line":139,"column":4},"end":{"line":139,"column":86}},"49":{"start":{"line":142,"column":4},"end":{"line":142,"column":28}},"50":{"start":{"line":143,"column":4},"end":{"line":143,"column":44}},"51":{"start":{"line":144,"column":4},"end":{"line":147,"column":5}},"52":{"start":{"line":146,"column":6},"end":{"line":146,"column":36}},"53":{"start":{"line":148,"column":4},"end":{"line":148,"column":17}},"54":{"start":{"line":151,"column":4},"end":{"line":151,"column":56}},"55":{"start":{"line":154,"column":4},"end":{"line":154,"column":51}},"56":{"start":{"line":155,"column":4},"end":{"line":155,"column":45}},"57":{"start":{"line":156,"column":4},"end":{"line":158,"column":5}},"58":{"start":{"line":157,"column":6},"end":{"line":157,"column":44}},"59":{"start":{"line":159,"column":4},"end":{"line":159,"column":39}},"60":{"start":{"line":162,"column":4},"end":{"line":162,"column":67}},"61":{"start":{"line":165,"column":4},"end":{"line":165,"column":20}},"62":{"start":{"line":166,"column":4},"end":{"line":168,"column":5}},"63":{"start":{"line":167,"column":6},"end":{"line":167,"column":81}},"64":{"start":{"line":169,"column":4},"end":{"line":169,"column":28}},"65":{"start":{"line":184,"column":0},"end":{"line":184,"column":29}}},"branchMap":{},"code":["var bluetoothleName = \"BluetoothLePlugin\";","var bluetoothle = {","  initialize: function(successCallback, params) {","    cordova.exec(successCallback, successCallback, bluetoothleName, \"initialize\", [params]);","  },","  enable: function(successCallback, errorCallback) {","    cordova.exec(successCallback, errorCallback, bluetoothleName, \"enable\", []);","  },","  disable: function(successCallback, errorCallback) {","    cordova.exec(successCallback, errorCallback, bluetoothleName, \"disable\", []);","  },","  startScan: function(successCallback, errorCallback, params) {","    cordova.exec(successCallback, errorCallback, bluetoothleName, \"startScan\", [params]);","  },","  stopScan: function(successCallback, errorCallback) {","    cordova.exec(successCallback, errorCallback, bluetoothleName, \"stopScan\", []);","  },","  retrieveConnected: function(successCallback, errorCallback, params) {","    cordova.exec(successCallback, errorCallback, bluetoothleName, \"retrieveConnected\", [params]);","  },","  bond: function(successCallback, errorCallback, params) {","    cordova.exec(successCallback, errorCallback, bluetoothleName, \"bond\", [params]);","  },","  unbond: function(successCallback, errorCallback, params) {","    cordova.exec(successCallback, errorCallback, bluetoothleName, \"unbond\", [params]);","  },","  connect: function(successCallback, errorCallback, params) {","    cordova.exec(successCallback, errorCallback, bluetoothleName, \"connect\", [params]);","  },","  reconnect: function(successCallback, errorCallback, params) {","    cordova.exec(successCallback, errorCallback, bluetoothleName, \"reconnect\", [params]);","  },","  disconnect: function(successCallback, errorCallback, params) {","    cordova.exec(successCallback, errorCallback, bluetoothleName, \"disconnect\", [params]);","  },","  close: function(successCallback, errorCallback, params) {","    cordova.exec(successCallback, errorCallback, bluetoothleName, \"close\", [params]);","  },","  discover: function(successCallback, errorCallback, params) {","    cordova.exec(successCallback, errorCallback, bluetoothleName, \"discover\", [params]);","  },","  services: function(successCallback, errorCallback, params) {","    cordova.exec(successCallback, errorCallback, bluetoothleName, \"services\", [params]);","  },","  characteristics: function(successCallback, errorCallback, params) {","    cordova.exec(successCallback, errorCallback, bluetoothleName, \"characteristics\", [params]);","  },","  descriptors: function(successCallback, errorCallback, params) {","    cordova.exec(successCallback, errorCallback, bluetoothleName, \"descriptors\", [params]);","  },","  read: function(successCallback, errorCallback, params) {","    cordova.exec(successCallback, errorCallback, bluetoothleName, \"read\", [params]);","  },","  subscribe: function(successCallback, errorCallback, params) {","    cordova.exec(successCallback, errorCallback, bluetoothleName, \"subscribe\", [params]);","  },","  unsubscribe: function(successCallback, errorCallback, params) {","    cordova.exec(successCallback, errorCallback, bluetoothleName, \"unsubscribe\", [params]);","  },","  write: function(successCallback, errorCallback, params) {","    cordova.exec(successCallback, errorCallback, bluetoothleName, \"write\", [params]);","  },","  writeQ: function(successCallback, errorCallback, params) {","    cordova.exec(successCallback, errorCallback, bluetoothleName, \"writeQ\", [params]);","  },","  readDescriptor: function(successCallback, errorCallback, params) {","    cordova.exec(successCallback, errorCallback, bluetoothleName, \"readDescriptor\", [params]);","  },","  writeDescriptor: function(successCallback, errorCallback, params) {","    cordova.exec(successCallback, errorCallback, bluetoothleName, \"writeDescriptor\", [params]);","  },","  rssi: function(successCallback, errorCallback, params) {","    cordova.exec(successCallback, errorCallback, bluetoothleName, \"rssi\", [params]);","  },","  mtu: function(successCallback, errorCallback, params) {","    cordova.exec(successCallback, errorCallback, bluetoothleName, \"mtu\", [params]);","  },","  requestConnectionPriority: function(successCallback, errorCallback, params) {","    cordova.exec(successCallback, errorCallback, bluetoothleName, \"requestConnectionPriority\", [params]);","  },","  isInitialized: function(successCallback) {","    cordova.exec(successCallback, successCallback, bluetoothleName, \"isInitialized\", []);","  },","  isEnabled: function(successCallback) {","    cordova.exec(successCallback, successCallback, bluetoothleName, \"isEnabled\", []);","  },","  isScanning: function(successCallback) {","    cordova.exec(successCallback, successCallback, bluetoothleName, \"isScanning\", []);","  },","  isBonded: function(successCallback, errorCallback, params) {","    cordova.exec(successCallback, errorCallback, bluetoothleName, \"isBonded\", [params]);","  },","  wasConnected: function(successCallback, errorCallback, params) {","    cordova.exec(successCallback, errorCallback, bluetoothleName, \"wasConnected\", [params]);","  },","  isConnected: function(successCallback, errorCallback, params) {","    cordova.exec(successCallback, errorCallback, bluetoothleName, \"isConnected\", [params]);","  },","  isDiscovered: function(successCallback, errorCallback, params) {","    cordova.exec(successCallback, errorCallback, bluetoothleName, \"isDiscovered\", [params]);","  },","  hasPermission: function(successCallback, errorCallback) {","    cordova.exec(successCallback, errorCallback, bluetoothleName, \"hasPermission\", []);","  },","  requestPermission: function(successCallback, errorCallback) {","    cordova.exec(successCallback, errorCallback, bluetoothleName, \"requestPermission\", []);","  },","  isLocationEnabled: function(successCallback, errorCallback) {","    cordova.exec(successCallback, errorCallback, bluetoothleName, \"isLocationEnabled\", []);","  },","  requestLocation: function(successCallback, errorCallback) {","    cordova.exec(successCallback, errorCallback, bluetoothleName, \"requestLocation\", []);","  },","  initializePeripheral: function(successCallback, errorCallback, params) {","    cordova.exec(successCallback, errorCallback, bluetoothleName, \"initializePeripheral\", [params]);","  },","  addService: function(successCallback, errorCallback, params) {","    cordova.exec(successCallback, errorCallback, bluetoothleName, \"addService\", [params]);","  },","  removeService: function(successCallback, errorCallback, params) {","    cordova.exec(successCallback, errorCallback, bluetoothleName, \"removeService\", [params]);","  },","  removeAllServices: function(successCallback, errorCallback, params) {","    cordova.exec(successCallback, errorCallback, bluetoothleName, \"removeAllServices\", [params]);","  },","  startAdvertising: function(successCallback, errorCallback, params) {","    cordova.exec(successCallback, errorCallback, bluetoothleName, \"startAdvertising\", [params]);","  },","  stopAdvertising: function(successCallback, errorCallback, params) {","    cordova.exec(successCallback, errorCallback, bluetoothleName, \"stopAdvertising\", [params]);","  },","  isAdvertising: function(successCallback, errorCallback, params) {","    cordova.exec(successCallback, errorCallback, bluetoothleName, \"isAdvertising\", []);","  },","  respond: function(successCallback, errorCallback, params) {","    cordova.exec(successCallback, errorCallback, bluetoothleName, \"respond\", [params]);","  },","  notify: function(successCallback, errorCallback, params) {","    cordova.exec(successCallback, errorCallback, bluetoothleName, \"notify\", [params]);","  },","  encodedStringToBytes: function(string) {","    var data = atob(string);","    var bytes = new Uint8Array(data.length);","    for (var i = 0; i < bytes.length; i++)","    {","      bytes[i] = data.charCodeAt(i);","    }","    return bytes;","  },","  bytesToEncodedString: function(bytes) {","    return btoa(String.fromCharCode.apply(null, bytes));","  },","  stringToBytes: function(string) {","    var bytes = new ArrayBuffer(string.length * 2);","    var bytesUint16 = new Uint16Array(bytes);","    for (var i = 0; i < string.length; i++) {","      bytesUint16[i] = string.charCodeAt(i);","    }","    return new Uint8Array(bytesUint16);","  },","  bytesToString: function(bytes) {","    return String.fromCharCode.apply(null, new Uint16Array(bytes));","  },","  bytesToHex: function(bytes) {","    var string = [];","    for (var i = 0; i < bytes.length; i++) {","      string.push(\"0x\" + (\"0\"+(bytes[i].toString(16))).substr(-2).toUpperCase());","    }","    return string.join(\" \");","  },","  SCAN_MODE_OPPORTUNISTIC: -1,","  SCAN_MODE_LOW_POWER: 0,","  SCAN_MODE_BALANCED: 1,","  SCAN_MODE_LOW_LATENCY: 2,","  MATCH_NUM_ONE_ADVERTISEMENT: 1,","  MATCH_NUM_FEW_ADVERTISEMENT: 2,","  MATCH_NUM_MAX_ADVERTISEMENT: 3,","  MATCH_MODE_AGGRESSIVE: 1,","  MATCH_MODE_STICKY: 2,","  CALLBACK_TYPE_ALL_MATCHES: 1,","  CALLBACK_TYPE_FIRST_MATCH: 2,","  CALLBACK_TYPE_MATCH_LOST: 4,","}","module.exports = bluetoothle;",""],"l":{"1":1,"2":1,"4":0,"7":0,"10":0,"13":0,"16":0,"19":0,"22":0,"25":0,"28":0,"31":0,"34":0,"37":0,"40":0,"43":0,"46":0,"49":0,"52":0,"55":0,"58":0,"61":0,"64":0,"67":0,"70":0,"73":0,"76":0,"79":0,"82":0,"85":0,"88":0,"91":0,"94":0,"97":0,"100":0,"103":0,"106":0,"109":0,"112":0,"115":0,"118":0,"121":0,"124":0,"127":0,"130":0,"133":0,"136":0,"139":0,"142":0,"143":0,"144":0,"146":0,"148":0,"151":0,"154":0,"155":0,"156":0,"157":0,"159":0,"162":0,"165":0,"166":0,"167":0,"169":0,"184":1}},"/home/travis/build/npmtest/node-npmtest-cordova-plugin-bluetoothle/node_modules/cordova-plugin-bluetoothle/src/windows/BluetoothLePlugin.js":{"path":"/home/travis/build/npmtest/node-npmtest-cordova-plugin-bluetoothle/node_modules/cordova-plugin-bluetoothle/src/windows/BluetoothLePlugin.js","s":{"1":2,"2":0,"3":0,"4":0,"5":0,"6":0,"7":0,"8":0,"9":0,"10":0,"11":0,"12":0,"13":0,"14":0,"15":0,"16":0,"17":0,"18":0,"19":0,"20":0,"21":0,"22":0,"23":0,"24":0,"25":0,"26":0,"27":0,"28":0,"29":0,"30":0,"31":1,"32":0,"33":0,"34":0,"35":0,"36":0,"37":0,"38":0,"39":0,"40":0,"41":0,"42":0,"43":0,"44":0,"45":0,"46":0,"47":0,"48":0,"49":0,"50":0,"51":0,"52":0,"53":0,"54":0,"55":0,"56":0,"57":0,"58":0,"59":0,"60":0,"61":0,"62":0,"63":0,"64":0,"65":0,"66":0,"67":0,"68":0,"69":0,"70":0,"71":0,"72":0,"73":0,"74":0,"75":0,"76":0,"77":0,"78":0,"79":0,"80":0,"81":0,"82":0,"83":0,"84":0,"85":0,"86":0,"87":0,"88":0,"89":0,"90":0,"91":0,"92":0,"93":0,"94":0,"95":0,"96":0,"97":0,"98":0,"99":0,"100":0,"101":0,"102":0,"103":0,"104":0,"105":0,"106":0,"107":0,"108":0,"109":0,"110":0,"111":0,"112":0,"113":0,"114":0,"115":0,"116":0,"117":0,"118":0,"119":0,"120":0,"121":0,"122":0,"123":0,"124":0,"125":0,"126":0,"127":0,"128":0,"129":0,"130":0,"131":0,"132":0,"133":0,"134":0,"135":0,"136":0,"137":0,"138":0,"139":0,"140":0,"141":0,"142":0,"143":0,"144":0,"145":0,"146":0,"147":0,"148":0,"149":0,"150":0,"151":0,"152":0,"153":0,"154":0,"155":0,"156":0,"157":0,"158":0,"159":0,"160":0,"161":0,"162":0,"163":0,"164":0,"165":0,"166":0,"167":0,"168":0,"169":0,"170":0,"171":0,"172":0,"173":0,"174":0,"175":0,"176":0,"177":0,"178":0,"179":0,"180":0,"181":0,"182":0,"183":0,"184":0,"185":0,"186":0,"187":0,"188":0,"189":0,"190":0,"191":0,"192":0,"193":0,"194":0,"195":0,"196":0,"197":0,"198":0,"199":0,"200":0,"201":0,"202":0,"203":0,"204":0,"205":0,"206":0,"207":0,"208":0,"209":0,"210":0,"211":0,"212":0,"213":0,"214":0,"215":0,"216":0,"217":0,"218":0,"219":0,"220":0,"221":0,"222":0,"223":0,"224":0,"225":0,"226":0,"227":0,"228":0,"229":0,"230":0,"231":0,"232":0,"233":0,"234":0,"235":0,"236":0,"237":0,"238":0,"239":0,"240":0,"241":0,"242":0,"243":0,"244":0,"245":0,"246":0,"247":0,"248":0,"249":0,"250":0,"251":0,"252":0,"253":0,"254":0,"255":0,"256":0,"257":0,"258":0,"259":0,"260":0,"261":0,"262":0,"263":0,"264":0,"265":0,"266":0,"267":0,"268":0,"269":0,"270":0,"271":0,"272":0,"273":0,"274":0,"275":0,"276":0,"277":0,"278":0,"279":0,"280":0,"281":0,"282":0,"283":0,"284":0,"285":0,"286":0,"287":0,"288":0,"289":0,"290":0,"291":0,"292":0,"293":0,"294":0,"295":0,"296":0,"297":0,"298":0,"299":0,"300":0,"301":0,"302":0,"303":0,"304":0,"305":0,"306":0,"307":0,"308":0,"309":0,"310":0,"311":0,"312":0,"313":0,"314":0,"315":0,"316":0,"317":0,"318":0,"319":0,"320":0,"321":0,"322":0,"323":0,"324":0,"325":0,"326":0,"327":0,"328":0,"329":0,"330":0,"331":0,"332":1,"333":0,"334":0,"335":0,"336":0,"337":0,"338":0,"339":0,"340":0,"341":0,"342":0,"343":0,"344":0,"345":0,"346":0,"347":0,"348":0,"349":0,"350":0,"351":0,"352":1,"353":0,"354":0,"355":0,"356":0,"357":0,"358":0,"359":0,"360":0,"361":0,"362":0,"363":1,"364":0,"365":0,"366":0,"367":0,"368":0,"369":0,"370":0,"371":0,"372":0,"373":1,"374":0,"375":0,"376":0,"377":0,"378":0,"379":0,"380":0,"381":0,"382":0,"383":0,"384":0,"385":0,"386":0,"387":0,"388":0,"389":0,"390":0,"391":0,"392":0,"393":0,"394":0,"395":0,"396":1,"397":0,"398":0,"399":0,"400":0,"401":0,"402":0,"403":1,"404":0,"405":0,"406":0,"407":0,"408":0,"409":0,"410":1,"411":0,"412":0},"b":{"1":[0,0],"2":[0,0],"3":[0,0],"4":[0,0,0],"5":[0,0],"6":[0,0,0],"7":[0,0],"8":[0,0],"9":[0,0],"10":[0,0],"11":[0,0],"12":[0,0],"13":[0,0],"14":[0,0],"15":[0,0],"16":[0,0],"17":[0,0],"18":[0,0],"19":[0,0],"20":[0,0],"21":[0,0],"22":[0,0],"23":[0,0,0],"24":[0,0],"25":[0,0],"26":[0,0],"27":[0,0],"28":[0,0],"29":[0,0,0],"30":[0,0],"31":[0,0,0],"32":[0,0],"33":[0,0],"34":[0,0],"35":[0,0],"36":[0,0],"37":[0,0],"38":[0,0],"39":[0,0],"40":[0,0],"41":[0,0,0],"42":[0,0],"43":[0,0],"44":[0,0],"45":[0,0,0],"46":[0,0],"47":[0,0],"48":[0,0],"49":[0,0],"50":[0,0,0,0],"51":[0,0],"52":[0,0],"53":[0,0],"54":[0,0],"55":[0,0],"56":[0,0,0,0,0],"57":[0,0],"58":[0,0],"59":[0,0],"60":[0,0,0,0,0],"61":[0,0],"62":[0,0],"63":[0,0],"64":[0,0,0,0,0,0],"65":[0,0],"66":[0,0],"67":[0,0],"68":[0,0],"69":[0,0],"70":[0,0,0,0,0],"71":[0,0],"72":[0,0],"73":[0,0],"74":[0,0,0,0,0,0],"75":[0,0],"76":[0,0],"77":[0,0],"78":[0,0],"79":[0,0],"80":[0,0,0,0,0,0],"81":[0,0],"82":[0,0],"83":[0,0],"84":[0,0,0,0,0,0,0],"85":[0,0],"86":[0,0],"87":[0,0],"88":[0,0],"89":[0,0],"90":[0,0],"91":[0,0],"92":[0,0],"93":[0,0],"94":[0,0],"95":[0,0],"96":[0,0],"97":[0,0],"98":[0,0],"99":[0,0],"100":[0,0],"101":[0,0],"102":[0,0],"103":[0,0],"104":[0,0],"105":[0,0],"106":[0,0]},"f":{"1":0,"2":0,"3":0,"4":0,"5":0,"6":0,"7":0,"8":0,"9":0,"10":0,"11":0,"12":0,"13":0,"14":0,"15":0,"16":0,"17":0,"18":0,"19":0,"20":0,"21":0,"22":0,"23":0,"24":0,"25":0,"26":0,"27":0,"28":0,"29":0,"30":0,"31":0,"32":0,"33":0,"34":0,"35":0,"36":0,"37":0,"38":0,"39":0,"40":0,"41":0,"42":0,"43":0,"44":0,"45":0,"46":0,"47":0,"48":0,"49":0,"50":0,"51":0,"52":0,"53":0,"54":0,"55":0,"56":0,"57":0,"58":0,"59":0,"60":0,"61":0,"62":0,"63":0,"64":0,"65":0,"66":0,"67":0,"68":0,"69":0,"70":0,"71":0,"72":0,"73":0,"74":0,"75":0,"76":0,"77":0,"78":0,"79":0,"80":0,"81":0},"fnMap":{"1":{"name":"(anonymous_1)","line":14,"loc":{"start":{"line":14,"column":14},"end":{"line":14,"column":64}}},"2":{"name":"(anonymous_2)","line":24,"loc":{"start":{"line":24,"column":49},"end":{"line":24,"column":68}}},"3":{"name":"(anonymous_3)","line":38,"loc":{"start":{"line":38,"column":7},"end":{"line":38,"column":24}}},"4":{"name":"(anonymous_4)","line":50,"loc":{"start":{"line":50,"column":15},"end":{"line":50,"column":65}}},"5":{"name":"reportAdapterState","line":61,"loc":{"start":{"line":61,"column":4},"end":{"line":61,"column":35}}},"6":{"name":"(anonymous_6)","line":77,"loc":{"start":{"line":77,"column":10},"end":{"line":77,"column":28}}},"7":{"name":"(anonymous_7)","line":80,"loc":{"start":{"line":80,"column":32},"end":{"line":80,"column":49}}},"8":{"name":"(anonymous_8)","line":103,"loc":{"start":{"line":103,"column":21},"end":{"line":103,"column":71}}},"9":{"name":"(anonymous_9)","line":125,"loc":{"start":{"line":125,"column":75},"end":{"line":125,"column":94}}},"10":{"name":"(anonymous_10)","line":135,"loc":{"start":{"line":135,"column":7},"end":{"line":135,"column":24}}},"11":{"name":"(anonymous_11)","line":140,"loc":{"start":{"line":140,"column":13},"end":{"line":140,"column":63}}},"12":{"name":"(anonymous_12)","line":166,"loc":{"start":{"line":166,"column":19},"end":{"line":166,"column":34}}},"13":{"name":"(anonymous_13)","line":200,"loc":{"start":{"line":200,"column":12},"end":{"line":200,"column":54}}},"14":{"name":"(anonymous_14)","line":217,"loc":{"start":{"line":217,"column":11},"end":{"line":217,"column":61}}},"15":{"name":"(anonymous_15)","line":233,"loc":{"start":{"line":233,"column":10},"end":{"line":233,"column":35}}},"16":{"name":"(anonymous_16)","line":243,"loc":{"start":{"line":243,"column":10},"end":{"line":243,"column":29}}},"17":{"name":"(anonymous_17)","line":246,"loc":{"start":{"line":246,"column":10},"end":{"line":246,"column":31}}},"18":{"name":"(anonymous_18)","line":260,"loc":{"start":{"line":260,"column":12},"end":{"line":260,"column":27}}},"19":{"name":"(anonymous_19)","line":269,"loc":{"start":{"line":269,"column":10},"end":{"line":269,"column":31}}},"20":{"name":"connectionStatusListener","line":277,"loc":{"start":{"line":277,"column":60},"end":{"line":277,"column":97}}},"21":{"name":"(anonymous_21)","line":288,"loc":{"start":{"line":288,"column":7},"end":{"line":288,"column":22}}},"22":{"name":"(anonymous_22)","line":293,"loc":{"start":{"line":293,"column":9},"end":{"line":293,"column":59}}},"23":{"name":"(anonymous_23)","line":314,"loc":{"start":{"line":314,"column":12},"end":{"line":314,"column":62}}},"24":{"name":"(anonymous_24)","line":323,"loc":{"start":{"line":323,"column":51},"end":{"line":323,"column":71}}},"25":{"name":"(anonymous_25)","line":342,"loc":{"start":{"line":342,"column":9},"end":{"line":342,"column":26}}},"26":{"name":"(anonymous_26)","line":350,"loc":{"start":{"line":350,"column":19},"end":{"line":350,"column":69}}},"27":{"name":"(anonymous_27)","line":360,"loc":{"start":{"line":360,"column":43},"end":{"line":360,"column":62}}},"28":{"name":"(anonymous_28)","line":382,"loc":{"start":{"line":382,"column":9},"end":{"line":382,"column":26}}},"29":{"name":"(anonymous_29)","line":390,"loc":{"start":{"line":390,"column":15},"end":{"line":390,"column":65}}},"30":{"name":"(anonymous_30)","line":401,"loc":{"start":{"line":401,"column":68},"end":{"line":401,"column":106}}},"31":{"name":"(anonymous_
[...]
", message: error.message });","        });","      }, function (error) {","        errorCallback({ error: \"readDescriptor\", message: error });","      });","    } else {","      errorCallback({ error: \"readDescriptor\", message: \"Invalid parameters.\" });","    }","  },","","  writeDescriptor: function (successCallback, errorCallback, params) {","    if (!initialized) {","      errorCallback({ error: \"writeDescriptor\", message: \"Not initialized.\" });","      return;","    }","","    if (params && params.length > 0 && params[0].address && params[0].service && params[0].characteristic && params[0].descriptor && params[0].value) {","      var deviceId = params[0].address;","      var serviceId = params[0].service;","      var characteristicId = params[0].characteristic;","      var descriptorId = params[0].descriptor;","      var value = params[0].value;","","      getDescriptor(deviceId, serviceId, characteristicId, descriptorId).then(function (descriptor, deviceName) {","        var buffer = wsc.CryptographicBuffer.decodeFromBase64String(value);","        descriptor.writeValueAsync(buffer).done(function (result) {","          if (result == gatt.GattCommunicationStatus.success) {","            successCallback({ status: \"writeDescriptor\", descriptor: descriptorId, characteristic: characteristicId, name: deviceName, service: serviceId, address: deviceId });","          } else {","            errorCallback({ error: \"writeDescriptor\", message: \"Device unreachable.\" });","          }","        }, function (error) {","          errorCallback({ error: \"writeDescriptor\", message: error.message });","        });","      }, function (error) {","        errorCallback({ error: \"writeDescriptor\", message: error });","      });","    } else {","      errorCallback({ error: \"writeDescriptor\", message: \"Invalid parameters.\" });","    }","  },","","  isInitialized: function (successCallback, errorCallback, strInput) {","    successCallback({ isInitialized: initialized });","  },","","};","","function getService(deviceId, serviceId) {","  return new WinJS.Promise(function (successCallback, errorCallback, progressDispatch) {","    for (var i = 0; i < cachedServices.length; i++) {","      var service = cachedServices[i];","      if (service.deviceId == deviceId && service.serviceId == serviceId) {","        successCallback(service.deviceService);","        return;","      }","    }","    if (serviceId.length == 4) {","        serviceId = \"0000\" + serviceId + \"-0000-1000-8000-00805F9B34FB\";","    }","    var selector = \"System.Devices.ContainerId:={\" + deviceId + \"} AND System.DeviceInterface.Bluetooth.ServiceGuid:=\\\"{\" + serviceId + \"}\\\" AND System.Devices.InterfaceClassGuid:=\\\"{6E3BB679-4372-40C8-9EAA-4509DF260CD8}\\\" AND System.Devices.InterfaceEnabled:=System.StructuredQueryType.Boolean#True\";","    deviceInfo.findAllAsync(selector, null).then(function (services) {","      if (services.length > 0) {","        gatt.GattDeviceService.fromIdAsync(services[0].id)","         .then(function (deviceService) {","           if (deviceService) {","             cachedServices.push({ deviceId: deviceId, serviceId: serviceId, deviceService: deviceService });","             successCallback(deviceService);","           } else {","             errorCallback(\"Error retrieving deviceService, check the app's permissions for this service (plugin.xml).\");","           }","         }, function (error) {","           errorCallback(error);","         });","      } else {","        errorCallback(\"Device or service not found.\");","      }","    }, function (error) {","      errorCallback(error);","    });","  });","}","","function getCharacteristic(deviceId, serviceId, characteristicId) {","  return new WinJS.Promise(function (successCallback, errorCallback, progressDispatch) {","    getService(deviceId, serviceId).then(function (service) {","      var deviceName = service.name;","      if (characteristicId.length == 4) {","        characteristicId = gatt.GattCharacteristic.convertShortIdToUuid(parseInt(\"0x\" + characteristicId, 16));","      }","      var characteristics = service.getCharacteristics(characteristicId);","      if (characteristics.length > 0) {","        successCallback(characteristics[0], deviceName);","      } else {","        errorCallback(\"Characteristic not found.\");","      }","    }, function (error) {","      errorCallback(error);","    });","  });","}","","function getDescriptor(deviceId, serviceId, characteristicId, descriptorId) {","  return new WinJS.Promise(function (successCallback, errorCallback, progressDispatch) {","    getCharacteristic(deviceId, serviceId, characteristicId).then(function (characteristic, deviceName) {","      if (descriptorId.length == 4) {","        descriptorId = gatt.GattDescriptor.convertShortIdToUuid(parseInt(\"0x\" + descriptorId, 16))","      }","      var descriptors = characteristic.getDescriptors(descriptorId);","      if (descriptors.length > 0) {","        successCallback(descriptors[0], deviceName);","      } else {","        errorCallback(\"Descriptor not found.\");","      }","    }, function (error) {","      errorCallback(error);","    });","  });","}","","function convertCharacteristic(characteristic) {","  var char = { uuid: characteristic.uuid.substring(4, 8), properties: new Object() };","  if (characteristic.characteristicProperties & 1) {","    char.properties.broadcast = \"true\";","  }","  if (characteristic.characteristicProperties & 2) {","    char.properties.read = \"true\";","  }","  if (characteristic.characteristicProperties & 4) {","    char.properties.writeWithoutResponse = \"true\";","  }","  if (characteristic.characteristicProperties & 8) {","    char.properties.write = \"true\";","  }","  if (characteristic.characteristicProperties & 16) {","    char.properties.notify = \"true\";","  }","  if (characteristic.characteristicProperties & 32) {","    char.properties.indicate = \"true\";","  }","  if (characteristic.characteristicProperties & 64) {","    char.properties.authenticatedSignedWrites = \"true\";","  }","  if (characteristic.characteristicProperties & 128) {","    char.properties.extendedProperties = \"true\";","  }","  if (characteristic.characteristicProperties & 256) {","    char.properties.reliableWrites = \"true\";","  }","  if (characteristic.characteristicProperties & 512) {","    char.properties.writableAuxilaries = \"true\";","  }","  return char;","}","","function getServiceInfo(serviceId) {","  var uuid = parseInt(\"0x\" + serviceId, 16);","  var serviceInfos = getServiceInfos();","  for (var i = 0; i < serviceInfos.length; i++) {","    var serviceInfo = serviceInfos[i];","    if (serviceInfo.uuid == uuid) {","      return serviceInfo;","    }","  }","}","","function getCharacteristicsInfo(serviceId, characteristicId) {","  var uuid = parseInt(\"0x\" + characteristicId, 16);","  var service = getServiceInfo(serviceId);","  for (var i = 0; i < service.characteristics.length; i++) {","    var characteristicInfo = service.characteristics[i];","    if (characteristicInfo.uuid == uuid) {","      return characteristicInfo;","    }","  }","}","","function getServiceInfos() {","  return [","   {","     uuid: 0x1811,","     characteristics: [","       { uuid: 0x2A47, descriptors: [] },","       { uuid: 0x2A46, descriptors: [0x2902, ] },","       { uuid: 0x2A48, descriptors: [] },","       { uuid: 0x2A45, descriptors: [0x2902, ] },","       { uuid: 0x2A44, descriptors: [] },","     ]","   },","  {","    uuid: 0x180F,","    characteristics: [","      { uuid: 0x2A19, descriptors: [0x2904, 0x2902, ] },","    ]","  },","  {","    uuid: 0x1810,","    characteristics: [","      { uuid: 0x2A35, descriptors: [0x2902, ] },","      { uuid: 0x2A36, descriptors: [0x2902, ] },","      { uuid: 0x2A49, descriptors: [] },","    ]","  },","  {","    uuid: 0x181B,","    characteristics: [","      { uuid: 0x2A9B, descriptors: [] },","      { uuid: 0x2A9C, descriptors: [0x2902, ] },","    ]","  },","  {","    uuid: 0x181E,","    characteristics: [","      { uuid: 0x2AA4, descriptors: [] },","      { uuid: 0x2AA5, descriptors: [] },","    ]","  },","  {","    uuid: 0x181F,","    characteristics: [","      { uuid: 0x2AA7, descriptors: [0x2902, ] },","      { uuid: 0x2AA8, descriptors: [] },","      { uuid: 0x2AA9, descriptors: [] },","      { uuid: 0x2AAA, descriptors: [] },","      { uuid: 0x2AAB, descriptors: [] },","      { uuid: 0x2A52, descriptors: [0x2902, ] },","      { uuid: 0x2AAC, descriptors: [0x2902, ] },","    ]","  },","  {","    uuid: 0x1805,","    characteristics: [","      { uuid: 0x2A2B, descriptors: [0x2902, ] },","      { uuid: 0x2A0F, descriptors: [] },","      { uuid: 0x2A14, descriptors: [] },","    ]","  },","  {","    uuid: 0x1818,","    characteristics: [","      { uuid: 0x2A63, descriptors: [0x2902, 0x2903, ] },","      { uuid: 0x2A65, descriptors: [] },","      { uuid: 0x2A5D, descriptors: [] },","      { uuid: 0x2A64, descriptors: [0x2902, ] },","      { uuid: 0x2A66, descriptors: [0x2902, ] },","    ]","  },","  {","    uuid: 0x1816,","    characteristics: [","      { uuid: 0x2A5B, descriptors: [0x2902, ] },","      { uuid: 0x2A5C, descriptors: [] },","      { uuid: 0x2A5D, descriptors: [] },","      { uuid: 0x2A55, descriptors: [0x2902, ] },","    ]","  },","  {","    uuid: 0x180A,","    characteristics: [","      { uuid: 0x2A29, descriptors: [] },","      { uuid: 0x2A24, descriptors: [] },","      { uuid: 0x2A25, descriptors: [] },","      { uuid: 0x2A27, descriptors: [] },","      { uuid: 0x2A26, descriptors: [] },","      { uuid: 0x2A28, descriptors: [] },","      { uuid: 0x2A23, descriptors: [] },","      { uuid: 0x2A50, descriptors: [] },","    ]","  },","  {","    uuid: 0x181A,","    characteristics: [","      { uuid: 0x2A7D, descriptors: [] },","      { uuid: 0x2A73, descriptors: [0x290C, 0x290D, 0x290B, 0x2901, 0x2906, ] },","      { uuid: 0x2A72, descriptors: [0x290C, 0x290D, 0x290B, 0x2901, 0x2906, ] },","      { uuid: 0x2A7B, descriptors: [0x290C, 0x290D, 0x290B, 0x2901, 0x2906, ] },","      { uuid: 0x2A6C, descriptors: [0x290C, 0x290D, 0x290B, 0x2901, 0x2906, ] },","      { uuid: 0x2A74, descriptors: [0x290C, 0x290D, 0x290B, 0x2901, 0x2906, ] },","      { uuid: 0x2A7A, descriptors: [0x290C, 0x290D, 0x290B, 0x2901, 0x2906, ] },","      { uuid: 0x2A6F, descriptors: [0x290C, 0x290D, 0x290B, 0x2901, 0x2906, ] },","      { uuid: 0x2A77, descriptors: [0x290C, 0x290D, 0x290B, 0x2901, 0x2906, ] },","      { uuid: 0x2A75, descriptors: [0x290C, 0x290D, 0x290B, 0x2901, 0x2906, ] },","      { uuid: 0x2A78, descriptors: [0x290C, 0x290D, 0x290B, 0x2901, 0x2906, ] },","      { uuid: 0x2A6D, descriptors: [0x290C, 0x290D, 0x290B, 0x2901, 0x2906, ] },","      { uuid: 0x2A6E, descriptors: [0x290C, 0x290D, 0x290B, 0x2901, 0x2906, ] },","      { uuid: 0x2A71, descriptors: [0x290C, 0x290D, 0x290B, 0x2901, 0x2906, ] },","      { uuid: 0x2A70, descriptors: [0x290C, 0x290D, 0x290B, 0x2901, 0x2906, ] },","      { uuid: 0x2A76, descriptors: [0x290C, 0x290D, 0x290B, 0x2901, 0x2906, ] },","      { uuid: 0x2A79, descriptors: [0x290C, 0x290D, 0x290B, 0x2901, 0x2906, ] },","      { uuid: 0x2AA3, descriptors: [0x290C, 0x290D, 0x290B, 0x2901, 0x2906, ] },","      { uuid: 0x2A2C, descriptors: [0x290C, 0x290D, 0x290B, 0x2901, 0x2906, ] },","      { uuid: 0x2AA0, descriptors: [0x290C, 0x290D, 0x290B, 0x2901, 0x2906, ] },","      { uuid: 0x2AA1, descriptors: [0x290C, 0x290D, 0x290B, 0x2901, 0x2906, ] },","    ]","  },","  {","    uuid: 0x1800,","    characteristics: [","      { uuid: 0x2A00, descriptors: [] },","      { uuid: 0x2A01, descriptors: [] },","      { uuid: 0x2A02, descriptors: [] },","      { uuid: 0x2A03, descriptors: [] },","      { uuid: 0x2A04, descriptors: [] },","    ]","  },","  {","    uuid: 0x1801,","    characteristics: [","      { uuid: 0x2A05, descriptors: [] },","    ]","  },","  {","    uuid: 0x1808,","    characteristics: [","      { uuid: 0x2A18, descriptors: [0x2902, ] },","      { uuid: 0x2A34, descriptors: [0x2902, ] },","      { uuid: 0x2A51, descriptors: [] },","      { uuid: 0x2A52, descriptors: [0x2902, ] },","    ]","  },","  {","    uuid: 0x1809,","    characteristics: [","      { uuid: 0x2A1C, descriptors: [0x2902, ] },","      { uuid: 0x2A1D, descriptors: [] },","      { uuid: 0x2A1E, descriptors: [0x2902, ] },","      { uuid: 0x2A21, descriptors: [0x2902, 0x2906, ] },","    ]","  },","  {","    uuid: 0x180D,","    characteristics: [","      { uuid: 0x2A37, descriptors: [0x2902, ] },","      { uuid: 0x2A38, descriptors: [] },","      { uuid: 0x2A39, descriptors: [] },","    ]","  },","  {","    uuid: 0x1812,","    characteristics: [","      { uuid: 0x2A4E, descriptors: [] },","      { uuid: 0x2A4D, descriptors: [0x2902, 0x2908, ] },","      { uuid: 0x2A4B, descriptors: [0x2907, ] },","      { uuid: 0x2A22, descriptors: [0x2902, ] },","      { uuid: 0x2A32, descriptors: [] },","      { uuid: 0x2A33, descriptors: [0x2902, ] },","      { uuid: 0x2A4A, descriptors: [] },","      { uuid: 0x2A4C, descriptors: [] },","    ]","  },","  {","    uuid: 0x1802,","    characteristics: [","      { uuid: 0x2A06, descriptors: [] },","    ]","  },","  {","    uuid: 0x1820,","    characteristics: [","    ]","  },","  {","    uuid: 0x1803,","    characteristics: [","      { uuid: 0x2A06, descriptors: [] },","    ]","  },","  {","    uuid: 0x1819,","    characteristics: [","      { uuid: 0x2A6A, descriptors: [] },","      { uuid: 0x2A67, descriptors: [0x2902, ] },","      { uuid: 0x2A69, descriptors: [] },","      { uuid: 0x2A6B, descriptors: [0x2902, ] },","      { uuid: 0x2A68, descriptors: [0x2902, ] },","    ]","  },","  {","    uuid: 0x1807,","    characteristics: [","      { uuid: 0x2A11, descriptors: [] },","    ]","  },","  {","    uuid: 0x180E,","    characteristics: [","      { uuid: 0x2A3F, descriptors: [0x2902, ] },","      { uuid: 0x2A41, descriptors: [0x2902, ] },","      { uuid: 0x2A40, descriptors: [] },","    ]","  },","  {","    uuid: 0x1806,","    characteristics: [","      { uuid: 0x2A16, descriptors: [] },","      { uuid: 0x2A17, descriptors: [] },","    ]","  },","  {","    uuid: 0x1814,","    characteristics: [","      { uuid: 0x2A53, descriptors: [0x2902, ] },","      { uuid: 0x2A54, descriptors: [] },","      { uuid: 0x2A5D, descriptors: [] },","      { uuid: 0x2A55, descriptors: [0x2902, ] },","    ]","  },","  {","    uuid: 0x1813,","    characteristics: [","      { uuid: 0x2A4F, descriptors: [] },","      { uuid: 0x2A31, descriptors: [0x2902, ] },","    ]","  },","  {","    uuid: 0x1804,","    characteristics: [","      { uuid: 0x2A07, descriptors: [] },","    ]","  },","  {","    uuid: 0x181C,","    characteristics: [","      { uuid: 0x2A8A, descriptors: [] },","      { uuid: 0x2A90, descriptors: [] },","      { uuid: 0x2A87, descriptors: [] },","      { uuid: 0x2A80, descriptors: [] },","      { uuid: 0x2A85, descriptors: [] },","      { uuid: 0x2A8C, descriptors: [] },","      { uuid: 0x2A98, descriptors: [] },","      { uuid: 0x2A8E, descriptors: [] },","      { uuid: 0x2A96, descriptors: [] },","      { uuid: 0x2A8D, descriptors: [] },","      { uuid: 0x2A92, descriptors: [] },","      { uuid: 0x2A91, descriptors: [] },","      { uuid: 0x2A7F, descriptors: [] },","      { uuid: 0x2A83, descriptors: [] },","      { uuid: 0x2A93, descriptors: [] },","      { uuid: 0x2A86, descriptors: [] },","      { uuid: 0x2A97, descriptors: [] },","      { uuid: 0x2A8F, descriptors: [] },","      { uuid: 0x2A88, descriptors: [] },","      { uuid: 0x2A89, descriptors: [] },","      { uuid: 0x2A7E, descriptors: [] },","      { uuid: 0x2A84, descriptors: [] },","      { uuid: 0x2A81, descriptors: [] },","      { uuid: 0x2A82, descriptors: [] },","      { uuid: 0x2A8B, descriptors: [] },","      { uuid: 0x2A94, descriptors: [] },","      { uuid: 0x2A95, descriptors: [] },","      { uuid: 0x2A99, descriptors: [0x2902, ] },","      { uuid: 0x2A9A, descriptors: [] },","      { uuid: 0x2A9F, descriptors: [0x2902, ] },","      { uuid: 0x2AA2, descriptors: [] },","    ]","  },","  {","    uuid: 0x181D,","    characteristics: [","      { uuid: 0x2A9E, descriptors: [] },","      { uuid: 0x2A9D, descriptors: [0x2902, ] },","    ]","  },","  // Medisana BS 430 Connect (Body Analysis Scale)","  {","    uuid: 0x78b2,","    characteristics: [","      { uuid: 0x8a20, descriptors: [] },","      { uuid: 0x8a21, descriptors: [0x2902, ] },","      { uuid: 0x8a22, descriptors: [0x2902, ] },","      { uuid: 0x8a81, descriptors: [] },","      { uuid: 0x8a82, descriptors: [0x2902, ] },","    ]","  }","  // ---------------------------------------------","  ];","}","","require(\"cordova/exec/proxy\").add(\"BluetoothLePlugin\", module.exports);",""],"l":{"1":2,"2":0,"3":0,"4":0,"6":0,"7":0,"9":0,"10":0,"12":0,"19":0,"20":0,"23":0,"24":0,"25":0,"26":0,"27":0,"29":0,"30":0,"31":0,"33":0,"36":0,"39":0,"40":0,"41":0,"43":0,"46":0,"52":0,"54":0,"55":0,"59":0,"61":1,"62":0,"63":0,"65":0,"66":0,"67":0,"69":0,"70":0,"73":0,"76":0,"80":0,"81":0,"84":0,"85":0,"88":0,"89":0,"92":0,"94":0,"97":0,"104":0,"105":0,"106":0,"109":0,"110":0,"111":0,"112":0,"113":0,"114":0,"115":0,"116":0,"117":0,"118":0,"120":0,"121":0,"123":0,"125":0,"126":0,"127":0,"128":0,"129":0,"130":0,"131":0,"134":0,"136":0,"142":0,"143":0,"145":0,"146":0,"147":0,"150":0,"152":0,"154":0,"155":0,"158":0,"162":0,"163":0,"166":0,"168":0,"171":0,"173":0,"177":0,"179":0,"181":0,"188":0,"191":0,"194":0,"195":0,"197":0,"201":0,"203":0,"206":0,"207":0,"208":0,"210":0,"211":0,"214":0,"218":0,"219":0,"220":0,"223":0,"224":0,"225":0,"226":0,"229":0,"230":0,"232":0,"235":0,"237":0,"241":0,"244":0,"247":0,"248":0,"250":0,"251":0,"254":0,"255":0,"259":0,"261":0,"263":0,"266":0,"270":0,"277":0,"278":0,"279":0,"280":0,"281":0,"287":0,"289":0,"294":0,"295":0,"296":0,"299":0,"300":0,"302":0,"303":0,"304":0,"305":0,"306":0,"308":0,"315":0,"316":0,"317":0,"320":0,"321":0,"322":0,"323":0,"324":0,"325":0,"326":0,"327":0,"328":0,"329":0,"330":0,"331":0,"332":0,"333":0,"335":0,"336":0,"338":0,"340":0,"343":0,"346":0,"351":0,"352":0,"353":0,"356":0,"357":0,"358":0,"360":0,"361":0,"362":0,"363":0,"364":0,"365":0,"368":0,"369":0,"370":0,"371":0,"372":0,"373":0,"374":0,"378":0,"381":0,"383":0,"386":0,"391":0,"392":0,"393":0,"396":0,"397":0,"398":0,"399":0,"401":0,"402":0,"403":0,"404":0,"405":0,"406":0,"409":0,"410":0,"411":0,"412":0,"413":0,"417":0,"419":0,"422":0,"427":0,"428":0,"429":0,"432":0,"433":0,"434":0,"435":0,"437":0,"438":0,"439":0,"440":0,"441":0,"442":0,"444":0,"447":0,"450":0,"453":0,"456":0,"461":0,"462":0,"463":0,"466":0,"467":0,"468":0,"469":0,"470":0,"472":0,"473":0,"474":0,"475":0,"477":0,"479":0,"480":0,"481":0,"482":0,"483":0,"484":0,"487":0,"490":0,"493":0,"496":0,"501":0,"502":0,"503":0,"506":0,"507":0,"508":0,"509":0,"511":0,"512":0,"513":0,"514":0,"515":0,"517":0,"520":0,"523":0,"526":0,"531":0,"532":0,"533":0,"536":0,"537":0,"538":0,"539":0,"540":0,"541":0,"542":0,"543":0,"545":0,"548":0,"549":0,"550":0,"551":0,"552":0,"554":0,"557":0,"560":0,"563":0,"568":0,"569":0,"570":0,"573":0,"574":0,"575":0,"576":0,"577":0,"579":0,"580":0,"581":0,"582":0,"583":0,"585":0,"588":0,"591":0,"594":0,"599":0,"600":0,"601":0,"604":0,"605":0,"606":0,"607":0,"608":0,"609":0,"611":0,"612":0,"613":0,"614":0,"615":0,"617":0,"620":0,"623":0,"626":0,"631":0,"636":1,"637":0,"638":0,"639":0,"640":0,"641":0,"642":0,"645":0,"646":0,"648":0,"649":0,"650":0,"651":0,"653":0,"654":0,"655":0,"657":0,"660":0,"663":0,"666":0,"671":1,"672":0,"673":0,"674":0,"675":0,"676":0,"678":0,"679":0,"680":0,"682":0,"685":0,"690":1,"691":0,"692":0,"693":0,"694":0,"696":0,"697":0,"698":0,"700":0,"703":0,"708":1,"709":0,"710":0,"711":0,"713":0,"714":0,"716":0,"717":0,"719":0,"720":0,"722":0,"723":0,"725":0,"726":0,"728":0,"729":0,"731":0,"732":0,"734":0,"735":0,"737":0,"738":0,"740":0,"743":1,"744":0,"745":0,"746":0,"747":0,"748":0,"749":0,"754":1,"755":0,"756":0,"757":0,"758":0,"759":0,"760":0,"765":1,"766":0,"1066":0}}}